Using pre-set license
Built from '2020.3/staging' branch; Version is '2020.3.10f1 (297d780c91bc) revision 2719096'; Using compiler version '192528614'; Build Type 'Release'
OS: 'Windows 10 Home; OS build 19043.1348; Version 2009; 64bit' Language: 'en' Physical Memory: 3497 MB
BatchMode: 1, IsHumanControllingUs: 0, StartBugReporterOnCrash: 0, Is64bit: 1, IsPro: 0

 COMMAND LINE ARGUMENTS:
C:\Program Files\Unity\Hub\Editor\2020.3.10f1\Editor\Unity.exe
-adb2
-batchMode
-noUpm
-name
AssetImportWorker0
-projectPath
C:/Users/liamv/Documents/FPSGame1-main/FPSProject/FinishedFPS-main
-logFile
Logs/AssetImportWorker0.log
-srvPort
64250
Successfully changed project path to: C:/Users/liamv/Documents/FPSGame1-main/FPSProject/FinishedFPS-main
C:/Users/liamv/Documents/FPSGame1-main/FPSProject/FinishedFPS-main
Using Asset Import Pipeline V2.
Refreshing native plugins compatible for Editor in 194.90 ms, found 2 plugins.
Preloading 0 native plugins for Editor in 0.00 ms.
Initialize engine version: 2020.3.10f1 (297d780c91bc)
[Subsystems] Discovering subsystems at path C:/Program Files/Unity/Hub/Editor/2020.3.10f1/Editor/Data/Resources/UnitySubsystems
[Subsystems] Discovering subsystems at path C:/Users/liamv/Documents/FPSGame1-main/FPSProject/FinishedFPS-main/Assets
GfxDevice: creating device client; threaded=0
Direct3D:
    Version:  Direct3D 11.0 [level 11.1]
    Renderer: AMD Radeon(TM) Vega 6 Graphics (ID=0x15d8)
    Vendor:   
    VRAM:     1748 MB
    Driver:   26.20.11028.0
Initialize mono
Mono path[0] = 'C:/Program Files/Unity/Hub/Editor/2020.3.10f1/Editor/Data/Managed'
Mono path[1] = 'C:/Program Files/Unity/Hub/Editor/2020.3.10f1/Editor/Data/MonoBleedingEdge/lib/mono/unityjit'
Mono config path = 'C:/Program Files/Unity/Hub/Editor/2020.3.10f1/Editor/Data/MonoBleedingEdge/etc'
Using monoOptions --debugger-agent=transport=dt_socket,embedding=1,server=y,suspend=n,address=127.0.0.1:56908
Begin MonoManager ReloadAssembly
Registering precompiled unity dll's ...
Register platform support module: C:/Program Files/Unity/Hub/Editor/2020.3.10f1/Editor/Data/PlaybackEngines/WebGLSupport/UnityEditor.WebGL.Extensions.dll
Register platform support module: C:/Program Files/Unity/Hub/Editor/2020.3.10f1/Editor/Data/PlaybackEngines/WindowsStandaloneSupport/UnityEditor.WindowsStandalone.Extensions.dll
Registered in 0.012803 seconds.
Native extension for WindowsStandalone target not found
Native extension for WebGL target not found
Refreshing native plugins compatible for Editor in 170.14 ms, found 2 plugins.
Preloading 0 native plugins for Editor in 0.00 ms.
Mono: successfully reloaded assembly
- Completed reload, in  5.423 seconds
Platform modules already initialized, skipping
Registering precompiled user dll's ...
Registered in 0.034046 seconds.
Begin MonoManager ReloadAssembly
Native extension for WindowsStandalone target not found
Native extension for WebGL target not found
Refreshing native plugins compatible for Editor in 3.04 ms, found 2 plugins.
Preloading 0 native plugins for Editor in 0.00 ms.
Mono: successfully reloaded assembly
- Completed reload, in  3.402 seconds
Platform modules already initialized, skipping
========================================================================
Worker process is ready to serve import requests
Launched and connected shader compiler UnityShaderCompiler.exe after 0.15 seconds
Refreshing native plugins compatible for Editor in 2.21 ms, found 2 plugins.
Preloading 0 native plugins for Editor in 0.00 ms.
Unloading 2232 Unused Serialized files (Serialized files now loaded: 0)
System memory in use before: 126.6 MB.
System memory in use after: 126.4 MB.

Unloading 60 unused Assets to reduce memory usage. Loaded Objects now: 2668.
Total: 12.743800 ms (FindLiveObjects: 0.309500 ms CreateObjectMapping: 0.060800 ms MarkObjects: 11.708600 ms  DeleteObjects: 0.662200 ms)

========================================================================
Received Prepare
Registering precompiled user dll's ...
Registered in 0.044630 seconds.
Begin MonoManager ReloadAssembly
Native extension for WindowsStandalone target not found
Native extension for WebGL target not found
Refreshing native plugins compatible for Editor in 1.84 ms, found 2 plugins.
Preloading 0 native plugins for Editor in 0.00 ms.
Mono: successfully reloaded assembly
- Completed reload, in  2.899 seconds
Platform modules already initialized, skipping
Refreshing native plugins compatible for Editor in 2.76 ms, found 2 plugins.
Preloading 0 native plugins for Editor in 0.00 ms.
Unloading 2147 Unused Serialized files (Serialized files now loaded: 0)
System memory in use before: 118.8 MB.
System memory in use after: 118.5 MB.

Unloading 51 unused Assets to reduce memory usage. Loaded Objects now: 2671.
Total: 12.892900 ms (FindLiveObjects: 0.446600 ms CreateObjectMapping: 0.111800 ms MarkObjects: 11.438400 ms  DeleteObjects: 0.892700 ms)

========================================================================
Received Import Request.
  path: Assets/assets/Scripts/GunScript.cs
  artifactKey: Guid(f2fc53d499023e14484be626c8f5ad23) Importer(815301076,1909f56bfc062723c751e8b465ee728b)
Start importing Assets/assets/Scripts/GunScript.cs using Guid(f2fc53d499023e14484be626c8f5ad23) Importer(815301076,1909f56bfc062723c751e8b465ee728b)  -> (artifact id: '1d642333b35a9225e77e8faec6770ab5') in 0.144361 seconds
  Import took 0.219919 seconds .

========================================================================
Received Import Request.
  Time since last request: 4441.445867 seconds.
  path: Assets/assets/Scripts/GunScript.cs
  artifactKey: Guid(f2fc53d499023e14484be626c8f5ad23) Importer(815301076,1909f56bfc062723c751e8b465ee728b)
Start importing Assets/assets/Scripts/GunScript.cs using Guid(f2fc53d499023e14484be626c8f5ad23) Importer(815301076,1909f56bfc062723c751e8b465ee728b)  -> (artifact id: '0d50c9159dacfe9bcc8f78c833f89f30') in 0.111562 seconds
  Import took 0.970502 seconds .

========================================================================
Received Prepare
Registering precompiled user dll's ...
Registered in 0.425021 seconds.
Begin MonoManager ReloadAssembly
Native extension for WindowsStandalone target not found
Native extension for WebGL target not found
Refreshing native plugins compatible for Editor in 1.54 ms, found 2 plugins.
Preloading 0 native plugins for Editor in 0.00 ms.
Mono: successfully reloaded assembly
- Completed reload, in  3.593 seconds
Platform modules already initialized, skipping
Refreshing native plugins compatible for Editor in 1.73 ms, found 2 plugins.
Preloading 0 native plugins for Editor in 0.00 ms.
Unloading 2147 Unused Serialized files (Serialized files now loaded: 0)
System memory in use before: 118.9 MB.
System memory in use after: 118.6 MB.

Unloading 51 unused Assets to reduce memory usage. Loaded Objects now: 2674.
Total: 33.743700 ms (FindLiveObjects: 1.509900 ms CreateObjectMapping: 0.205900 ms MarkObjects: 30.152800 ms  DeleteObjects: 1.870000 ms)

========================================================================
Received Prepare
Registering precompiled user dll's ...
Registered in 0.023861 seconds.
Begin MonoManager ReloadAssembly
Native extension for WindowsStandalone target not found
Native extension for WebGL target not found
Refreshing native plugins compatible for Editor in 12.33 ms, found 2 plugins.
Preloading 0 native plugins for Editor in 0.00 ms.
Mono: successfully reloaded assembly
- Completed reload, in  7.287 seconds
Platform modules already initialized, skipping
Refreshing native plugins compatible for Editor in 1.39 ms, found 2 plugins.
Preloading 0 native plugins for Editor in 0.00 ms.
Unloading 2148 Unused Serialized files (Serialized files now loaded: 0)
System memory in use before: 118.9 MB.
System memory in use after: 118.6 MB.

Unloading 51 unused Assets to reduce memory usage. Loaded Objects now: 2678.
Total: 30.003200 ms (FindLiveObjects: 2.362000 ms CreateObjectMapping: 0.544100 ms MarkObjects: 25.063700 ms  DeleteObjects: 2.030400 ms)

========================================================================
Received Prepare
Registering precompiled user dll's ...
Registered in 0.051081 seconds.
Begin MonoManager ReloadAssembly
Native extension for WindowsStandalone target not found
Native extension for WebGL target not found
Refreshing native plugins compatible for Editor in 5.67 ms, found 2 plugins.
Preloading 0 native plugins for Editor in 0.00 ms.
Mono: successfully reloaded assembly
- Completed reload, in  3.760 seconds
Platform modules already initialized, skipping
Refreshing native plugins compatible for Editor in 1.89 ms, found 2 plugins.
Preloading 0 native plugins for Editor in 0.00 ms.
Unloading 2148 Unused Serialized files (Serialized files now loaded: 0)
System memory in use before: 119.0 MB.
System memory in use after: 118.7 MB.

Unloading 51 unused Assets to reduce memory usage. Loaded Objects now: 2681.
Total: 28.881600 ms (FindLiveObjects: 2.248300 ms CreateObjectMapping: 0.245200 ms MarkObjects: 24.897200 ms  DeleteObjects: 1.488100 ms)

========================================================================
Received Import Request.
  Time since last request: 3770.860921 seconds.
  path: Assets/assets/Scripts/PlayerMovement.cs
  artifactKey: Guid(6e2259cff96fb444fa33497582f26a27) Importer(815301076,1909f56bfc062723c751e8b465ee728b)
Start importing Assets/assets/Scripts/PlayerMovement.cs using Guid(6e2259cff96fb444fa33497582f26a27) Importer(815301076,1909f56bfc062723c751e8b465ee728b)  -> (artifact id: '8815c885275b11d5782b4fd614c72d37') in 1.678926 seconds
  Import took 2.287899 seconds .

========================================================================
Received Prepare
Registering precompiled user dll's ...
Registered in 0.049717 seconds.
Begin MonoManager ReloadAssembly
Native extension for WindowsStandalone target not found
Native extension for WebGL target not found
Refreshing native plugins compatible for Editor in 8.62 ms, found 2 plugins.
Preloading 0 native plugins for Editor in 0.00 ms.
Mono: successfully reloaded assembly
- Completed reload, in  5.786 seconds
Platform modules already initialized, skipping
Refreshing native plugins compatible for Editor in 54.68 ms, found 2 plugins.
Preloading 0 native plugins for Editor in 0.00 ms.
Unloading 2148 Unused Serialized files (Serialized files now loaded: 0)
System memory in use before: 118.9 MB.
System memory in use after: 118.7 MB.

Unloading 51 unused Assets to reduce memory usage. Loaded Objects now: 2684.
Total: 207.890600 ms (FindLiveObjects: 12.128000 ms CreateObjectMapping: 0.777900 ms MarkObjects: 186.228300 ms  DeleteObjects: 8.704400 ms)

AssetImportWorkerClient::OnTransportError - code=2 error=End of file
