Using pre-set license
Built from '2020.3/staging' branch; Version is '2020.3.10f1 (297d780c91bc) revision 2719096'; Using compiler version '192528614'; Build Type 'Release'
OS: 'Windows 10 Home; OS build 19043.1348; Version 2009; 64bit' Language: 'en' Physical Memory: 3497 MB
BatchMode: 1, IsHumanControllingUs: 0, StartBugReporterOnCrash: 0, Is64bit: 1, IsPro: 0

 COMMAND LINE ARGUMENTS:
C:\Program Files\Unity\Hub\Editor\2020.3.10f1\Editor\Unity.exe
-adb2
-batchMode
-noUpm
-name
AssetImportWorker0
-projectPath
C:/Users/liamv/Documents/FPSGame1-main/FPSProject/FinishedFPS-main
-logFile
Logs/AssetImportWorker0.log
-srvPort
60824
Successfully changed project path to: C:/Users/liamv/Documents/FPSGame1-main/FPSProject/FinishedFPS-main
C:/Users/liamv/Documents/FPSGame1-main/FPSProject/FinishedFPS-main
Using Asset Import Pipeline V2.
Refreshing native plugins compatible for Editor in 337.92 ms, found 2 plugins.
Preloading 0 native plugins for Editor in 0.00 ms.
Initialize engine version: 2020.3.10f1 (297d780c91bc)
[Subsystems] Discovering subsystems at path C:/Program Files/Unity/Hub/Editor/2020.3.10f1/Editor/Data/Resources/UnitySubsystems
[Subsystems] Discovering subsystems at path C:/Users/liamv/Documents/FPSGame1-main/FPSProject/FinishedFPS-main/Assets
GfxDevice: creating device client; threaded=0
Direct3D:
    Version:  Direct3D 11.0 [level 11.1]
    Renderer: AMD Radeon(TM) Vega 6 Graphics (ID=0x15d8)
    Vendor:   
    VRAM:     1748 MB
    Driver:   26.20.11028.0
Initialize mono
Mono path[0] = 'C:/Program Files/Unity/Hub/Editor/2020.3.10f1/Editor/Data/Managed'
Mono path[1] = 'C:/Program Files/Unity/Hub/Editor/2020.3.10f1/Editor/Data/MonoBleedingEdge/lib/mono/unityjit'
Mono config path = 'C:/Program Files/Unity/Hub/Editor/2020.3.10f1/Editor/Data/MonoBleedingEdge/etc'
Using monoOptions --debugger-agent=transport=dt_socket,embedding=1,server=y,suspend=n,address=127.0.0.1:56760
Begin MonoManager ReloadAssembly
Registering precompiled unity dll's ...
Register platform support module: C:/Program Files/Unity/Hub/Editor/2020.3.10f1/Editor/Data/PlaybackEngines/WebGLSupport/UnityEditor.WebGL.Extensions.dll
Register platform support module: C:/Program Files/Unity/Hub/Editor/2020.3.10f1/Editor/Data/PlaybackEngines/WindowsStandaloneSupport/UnityEditor.WindowsStandalone.Extensions.dll
Registered in 0.008500 seconds.
Native extension for WindowsStandalone target not found
Native extension for WebGL target not found
Refreshing native plugins compatible for Editor in 150.61 ms, found 2 plugins.
Preloading 0 native plugins for Editor in 0.00 ms.
Mono: successfully reloaded assembly
- Completed reload, in  3.513 seconds
Platform modules already initialized, skipping
Registering precompiled user dll's ...
Registered in 0.031958 seconds.
Begin MonoManager ReloadAssembly
Native extension for WindowsStandalone target not found
Native extension for WebGL target not found
Refreshing native plugins compatible for Editor in 76.23 ms, found 2 plugins.
Preloading 0 native plugins for Editor in 0.00 ms.
Mono: successfully reloaded assembly
- Completed reload, in  2.761 seconds
Platform modules already initialized, skipping
========================================================================
Worker process is ready to serve import requests
Launched and connected shader compiler UnityShaderCompiler.exe after 0.09 seconds
Refreshing native plugins compatible for Editor in 2.43 ms, found 2 plugins.
Preloading 0 native plugins for Editor in 0.00 ms.
Unloading 2233 Unused Serialized files (Serialized files now loaded: 0)
System memory in use before: 126.8 MB.
System memory in use after: 126.5 MB.

Unloading 60 unused Assets to reduce memory usage. Loaded Objects now: 2669.
Total: 10.622200 ms (FindLiveObjects: 0.677000 ms CreateObjectMapping: 0.134600 ms MarkObjects: 8.771200 ms  DeleteObjects: 1.036900 ms)

========================================================================
Received Import Request.
  path: Assets/New Terrain 3.asset
  artifactKey: Guid(119902f56ebeeb54890f31ab1a399824) Importer(815301076,1909f56bfc062723c751e8b465ee728b)
Start importing Assets/New Terrain 3.asset using Guid(119902f56ebeeb54890f31ab1a399824) Importer(815301076,1909f56bfc062723c751e8b465ee728b)  -> (artifact id: '6c22322bbe4f248ed07a6405007fa436') in 0.129918 seconds
  Import took 0.141804 seconds .

========================================================================
Received Import Request.
  Time since last request: 0.005600 seconds.
  path: Assets/New Terrain 2.asset
  artifactKey: Guid(7e6a094b9ee9a744088395ba70161820) Importer(815301076,1909f56bfc062723c751e8b465ee728b)
Start importing Assets/New Terrain 2.asset using Guid(7e6a094b9ee9a744088395ba70161820) Importer(815301076,1909f56bfc062723c751e8b465ee728b)  -> (artifact id: '2251181fe8f068c161d9d7b8a05a8084') in 0.032198 seconds
  Import took 0.039079 seconds .

========================================================================
Received Import Request.
  Time since last request: 152.584956 seconds.
  path: Assets/Standard Assets/CrossPlatformInput/Sprites/ButtonCameraCycleUpSprite.png
  artifactKey: Guid(a3983c59ebf804b4abba687bd7c9e92f) Importer(815301076,1909f56bfc062723c751e8b465ee728b)
Start importing Assets/Standard Assets/CrossPlatformInput/Sprites/ButtonCameraCycleUpSprite.png using Guid(a3983c59ebf804b4abba687bd7c9e92f) Importer(815301076,1909f56bfc062723c751e8b465ee728b)  -> (artifact id: 'df9b08f1658f4fb75457b608403eab4e') in 0.465077 seconds
  Import took 0.490128 seconds .

========================================================================
Received Import Request.
  Time since last request: 0.000863 seconds.
  path: Assets/Standard Assets/Utility/Prefabs/FramerateCounter.prefab
  artifactKey: Guid(81154777d5417884981849c5243f6c01) Importer(815301076,1909f56bfc062723c751e8b465ee728b)
Start importing Assets/Standard Assets/Utility/Prefabs/FramerateCounter.prefab using Guid(81154777d5417884981849c5243f6c01) Importer(815301076,1909f56bfc062723c751e8b465ee728b)  -> (artifact id: '167712381b0cf3fe6de51b1d78ebf458') in 0.089400 seconds
  Import took 0.096069 seconds .

========================================================================
Received Import Request.
  Time since last request: 0.001210 seconds.
  path: Assets/StoneUI/Samples/frames.png
  artifactKey: Guid(0ac74d94757d592499d425a6a6808bb8) Importer(815301076,1909f56bfc062723c751e8b465ee728b)
Start importing Assets/StoneUI/Samples/frames.png using Guid(0ac74d94757d592499d425a6a6808bb8) Importer(815301076,1909f56bfc062723c751e8b465ee728b)  -> (artifact id: '02912e4447bbadd7f2d8f5e853025ce6') in 0.109512 seconds
  Import took 0.115565 seconds .

========================================================================
Received Import Request.
  Time since last request: 0.001070 seconds.
  path: Assets/assets/Sounds/Ambience/Day Ambience.wav
  artifactKey: Guid(d40297a7b9ca5ab4d8944575e0cb7235) Importer(815301076,1909f56bfc062723c751e8b465ee728b)
Start importing Assets/assets/Sounds/Ambience/Day Ambience.wav using Guid(d40297a7b9ca5ab4d8944575e0cb7235) Importer(815301076,1909f56bfc062723c751e8b465ee728b)  -> (artifact id: '60352e429a3f41f7c3e556ba9dab55fd') in 0.153665 seconds
  Import took 0.160609 seconds .

========================================================================
Received Import Request.
  Time since last request: 0.000278 seconds.
  path: Assets/RPG_FPS_game_assets_industrial/Other_props/Fans/Fan_v1/Source/Fan_v1_1.FBX
  artifactKey: Guid(cdc7d5a89ab2ba14399bfe1e3a8c369d) Importer(815301076,1909f56bfc062723c751e8b465ee728b)
Start importing Assets/RPG_FPS_game_assets_industrial/Other_props/Fans/Fan_v1/Source/Fan_v1_1.FBX using Guid(cdc7d5a89ab2ba14399bfe1e3a8c369d) Importer(815301076,1909f56bfc062723c751e8b465ee728b)  -> (artifact id: '531c2e7fdcc4906d09f4d967fe768462') in 0.187439 seconds
  Import took 0.193689 seconds .

========================================================================
Received Import Request.
  Time since last request: 0.000840 seconds.
  path: Assets/StoneUI/Samples/frames6.png
  artifactKey: Guid(6b5a2a2be52e2d9498e93958c2d880c6) Importer(815301076,1909f56bfc062723c751e8b465ee728b)
Start importing Assets/StoneUI/Samples/frames6.png using Guid(6b5a2a2be52e2d9498e93958c2d880c6) Importer(815301076,1909f56bfc062723c751e8b465ee728b)  -> (artifact id: '7faeaa39410371abbf13b2fb63fdf65b') in 0.103651 seconds
  Import took 0.110353 seconds .

========================================================================
Received Import Request.
  Time since last request: 0.000341 seconds.
  path: Assets/Flooded_Grounds/PostProcessing/Resources/Shaders/EyeHistogram.compute
  artifactKey: Guid(e213272ad8ff213409a6e13b5c26b4e4) Importer(815301076,1909f56bfc062723c751e8b465ee728b)
Start importing Assets/Flooded_Grounds/PostProcessing/Resources/Shaders/EyeHistogram.compute using Guid(e213272ad8ff213409a6e13b5c26b4e4) Importer(815301076,1909f56bfc062723c751e8b465ee728b)  -> (artifact id: 'e772673889d3a928ad54b2cdf03f2751') in 0.052779 seconds
  Import took 0.060347 seconds .

========================================================================
Received Import Request.
  Time since last request: 0.001049 seconds.
  path: Assets/StoneUI/Samples/frames1.png
  artifactKey: Guid(a8d19e590933d3f44923a43ad3b057bc) Importer(815301076,1909f56bfc062723c751e8b465ee728b)
Start importing Assets/StoneUI/Samples/frames1.png using Guid(a8d19e590933d3f44923a43ad3b057bc) Importer(815301076,1909f56bfc062723c751e8b465ee728b)  -> (artifact id: 'abdd984bce13eccc90e58a5888902583') in 0.073590 seconds
  Import took 0.080753 seconds .

========================================================================
Received Import Request.
  Time since last request: 0.000363 seconds.
  path: Assets/SampleScenes/Prefabs/CameraSwitchUI.prefab
  artifactKey: Guid(b3495d363d7ccba40bc3e92c1a184e28) Importer(815301076,1909f56bfc062723c751e8b465ee728b)
Start importing Assets/SampleScenes/Prefabs/CameraSwitchUI.prefab using Guid(b3495d363d7ccba40bc3e92c1a184e28) Importer(815301076,1909f56bfc062723c751e8b465ee728b)  -> (artifact id: 'cf629865a3fe81ca611a5e22bf62fc25') in 0.031618 seconds
  Import took 0.037860 seconds .

========================================================================
Received Import Request.
  Time since last request: 0.000246 seconds.
  path: Assets/Flooded_Grounds/Content/Textures/BLD_Cabins1_N.tif
  artifactKey: Guid(6aca893bbdb380e40be322de5b27e134) Importer(815301076,1909f56bfc062723c751e8b465ee728b)
Start importing Assets/Flooded_Grounds/Content/Textures/BLD_Cabins1_N.tif using Guid(6aca893bbdb380e40be322de5b27e134) Importer(815301076,1909f56bfc062723c751e8b465ee728b)  -> (artifact id: 'ac8d02b49143a8bbdbe15546ded8e250') in 0.229254 seconds
  Import took 0.238589 seconds .

========================================================================
Received Import Request.
  Time since last request: 0.000303 seconds.
  path: Assets/Flooded_Grounds/Prefabs/Buildings/Cabins/Cabin1_Deco_WindowGlass_A.prefab
  artifactKey: Guid(715fd63a46fbdbe4aaa1d6f63749e896) Importer(815301076,1909f56bfc062723c751e8b465ee728b)
Start importing Assets/Flooded_Grounds/Prefabs/Buildings/Cabins/Cabin1_Deco_WindowGlass_A.prefab using Guid(715fd63a46fbdbe4aaa1d6f63749e896) Importer(815301076,1909f56bfc062723c751e8b465ee728b)  -> (artifact id: '7140d79d7c16ad6d89707b1a447dafcb') in 0.501653 seconds
  Import took 0.508129 seconds .

========================================================================
Received Import Request.
  Time since last request: 0.000950 seconds.
  path: Assets/Flooded_Grounds/Prefabs/Buildings/Cabins/Cabin1.prefab
  artifactKey: Guid(872b20cc32c99e94d8ecb02c49606f59) Importer(815301076,1909f56bfc062723c751e8b465ee728b)
Start importing Assets/Flooded_Grounds/Prefabs/Buildings/Cabins/Cabin1.prefab using Guid(872b20cc32c99e94d8ecb02c49606f59) Importer(815301076,1909f56bfc062723c751e8b465ee728b)  -> (artifact id: '557d6aedd77e488985d2a6534cf2294c') in 0.175757 seconds
  Import took 0.185516 seconds .

========================================================================
Received Import Request.
  Time since last request: 0.001202 seconds.
  path: Assets/Flooded_Grounds/Content/Textures/BLD_Cabins1_AO.tif
  artifactKey: Guid(ca00df4281acdd843a50d3e3456368fa) Importer(815301076,1909f56bfc062723c751e8b465ee728b)
Start importing Assets/Flooded_Grounds/Content/Textures/BLD_Cabins1_AO.tif using Guid(ca00df4281acdd843a50d3e3456368fa) Importer(815301076,1909f56bfc062723c751e8b465ee728b)  -> (artifact id: 'd6bbecd17fd5f8987b13eb025d2e4b2a') in 0.060651 seconds
  Import took 0.068193 seconds .

========================================================================
Received Import Request.
  Time since last request: 0.001346 seconds.
  path: Assets/Flooded_Grounds/Content/Textures/BLD_Cabins1_MS.tif
  artifactKey: Guid(dfd14658241371f48956461682c52cca) Importer(815301076,1909f56bfc062723c751e8b465ee728b)
Start importing Assets/Flooded_Grounds/Content/Textures/BLD_Cabins1_MS.tif using Guid(dfd14658241371f48956461682c52cca) Importer(815301076,1909f56bfc062723c751e8b465ee728b)  -> (artifact id: 'b5680296630c3dee5e886975741e10e6') in 0.043065 seconds
  Import took 0.050937 seconds .

========================================================================
Received Import Request.
  Time since last request: 0.001237 seconds.
  path: Assets/Flooded_Grounds/Content/Materials/BLD_Cabins_Mossy.mat
  artifactKey: Guid(0491e1d077b3ca643a27b77d56cc03b3) Importer(815301076,1909f56bfc062723c751e8b465ee728b)
Start importing Assets/Flooded_Grounds/Content/Materials/BLD_Cabins_Mossy.mat using Guid(0491e1d077b3ca643a27b77d56cc03b3) Importer(815301076,1909f56bfc062723c751e8b465ee728b)  -> (artifact id: '68ba1297a231140e4e076d28b237b241') in 0.219067 seconds
  Import took 0.231160 seconds .

========================================================================
Received Import Request.
  Time since last request: 0.000348 seconds.
  path: Assets/Flooded_Grounds/Content/Textures/BLD_Cabins1_A.tif
  artifactKey: Guid(862297ff71c7f3e479996c3c8f21b942) Importer(815301076,1909f56bfc062723c751e8b465ee728b)
Start importing Assets/Flooded_Grounds/Content/Textures/BLD_Cabins1_A.tif using Guid(862297ff71c7f3e479996c3c8f21b942) Importer(815301076,1909f56bfc062723c751e8b465ee728b)  -> (artifact id: 'f9a04a6d3b4ad3f672f95c893e741c41') in 0.052676 seconds
  Import took 0.060154 seconds .

========================================================================
Received Import Request.
  Time since last request: 0.000910 seconds.
  path: Assets/SampleScenes/Prefabs/CameraSwitch.prefab
  artifactKey: Guid(fdc378243b95c2144aa66bfc382d1b75) Importer(815301076,1909f56bfc062723c751e8b465ee728b)
Start importing Assets/SampleScenes/Prefabs/CameraSwitch.prefab using Guid(fdc378243b95c2144aa66bfc382d1b75) Importer(815301076,1909f56bfc062723c751e8b465ee728b)  -> (artifact id: '197c9f9778edec3ee8ca7742229a6c05') in 0.017823 seconds
  Import took 0.024455 seconds .

========================================================================
Received Import Request.
  Time since last request: 0.000991 seconds.
  path: Assets/Standard Assets/Cameras/Prefabs/CctvCamera.prefab
  artifactKey: Guid(851d11542d51c464e89acf6875599172) Importer(815301076,1909f56bfc062723c751e8b465ee728b)
Start importing Assets/Standard Assets/Cameras/Prefabs/CctvCamera.prefab using Guid(851d11542d51c464e89acf6875599172) Importer(815301076,1909f56bfc062723c751e8b465ee728b)  -> (artifact id: '69e2cb8d00784d12145a48b6155d7de4') in 0.026396 seconds
  Import took 0.033458 seconds .

========================================================================
Received Import Request.
  Time since last request: 0.000364 seconds.
  path: Assets/RPG_FPS_game_assets_industrial/Other_props/Fans/Fan_v1/Source/Fan_v1_2.FBX
  artifactKey: Guid(5ba094864e47b6844babb67dcface057) Importer(815301076,1909f56bfc062723c751e8b465ee728b)
Start importing Assets/RPG_FPS_game_assets_industrial/Other_props/Fans/Fan_v1/Source/Fan_v1_2.FBX using Guid(5ba094864e47b6844babb67dcface057) Importer(815301076,1909f56bfc062723c751e8b465ee728b)  -> (artifact id: 'd11107d4f1b68f8c697f507e4882ad3f') in 0.086503 seconds
  Import took 0.093234 seconds .

========================================================================
Received Import Request.
  Time since last request: 0.001005 seconds.
  path: Assets/StoneUI/Samples/frames2.png
  artifactKey: Guid(da68d2dff23c9104e8938ce1923de066) Importer(815301076,1909f56bfc062723c751e8b465ee728b)
Start importing Assets/StoneUI/Samples/frames2.png using Guid(da68d2dff23c9104e8938ce1923de066) Importer(815301076,1909f56bfc062723c751e8b465ee728b)  -> (artifact id: 'c0fdb5435ba9153a9b1724a66e127747') in 0.085217 seconds
  Import took 0.092226 seconds .

========================================================================
Received Import Request.
  Time since last request: 0.000291 seconds.
  path: Assets/Flooded_Grounds/Content/Materials/BLD_Cabins.mat
  artifactKey: Guid(2d96e79d3d44b824381f64be7765f5c2) Importer(815301076,1909f56bfc062723c751e8b465ee728b)
Start importing Assets/Flooded_Grounds/Content/Materials/BLD_Cabins.mat using Guid(2d96e79d3d44b824381f64be7765f5c2) Importer(815301076,1909f56bfc062723c751e8b465ee728b)  -> (artifact id: '821e3336f9d6a4a953c88ca27ad25749') in 0.145122 seconds
  Import took 0.158174 seconds .

========================================================================
Received Import Request.
  Time since last request: 0.000971 seconds.
  path: Assets/StoneUI/Samples/frames5.png
  artifactKey: Guid(ef4714cbdfc4e1045a2fa8cece982117) Importer(815301076,1909f56bfc062723c751e8b465ee728b)
Start importing Assets/StoneUI/Samples/frames5.png using Guid(ef4714cbdfc4e1045a2fa8cece982117) Importer(815301076,1909f56bfc062723c751e8b465ee728b)  -> (artifact id: '52b72d4f98f9c296eaa7cdf8d92fb891') in 0.075617 seconds
  Import took 0.081873 seconds .

========================================================================
Received Import Request.
  Time since last request: 0.000350 seconds.
  path: Assets/StoneUI/Samples/frames3.png
  artifactKey: Guid(a646b01dbb15700419cbe068ff5c6a01) Importer(815301076,1909f56bfc062723c751e8b465ee728b)
Start importing Assets/StoneUI/Samples/frames3.png using Guid(a646b01dbb15700419cbe068ff5c6a01) Importer(815301076,1909f56bfc062723c751e8b465ee728b)  -> (artifact id: 'd9026fd83ab030abd7e115cb1c6b8e7c') in 0.075050 seconds
  Import took 0.081084 seconds .

========================================================================
Received Import Request.
  Time since last request: 0.000979 seconds.
  path: Assets/Flooded_Grounds/Content/Meshes/mBuildings/mCabins/Cabin1.fbx
  artifactKey: Guid(7b88c8bab8da05247bc3298df5939c78) Importer(815301076,1909f56bfc062723c751e8b465ee728b)
Start importing Assets/Flooded_Grounds/Content/Meshes/mBuildings/mCabins/Cabin1.fbx using Guid(7b88c8bab8da05247bc3298df5939c78) Importer(815301076,1909f56bfc062723c751e8b465ee728b)  -> (artifact id: '4c601f4d4efdf8f87b0bd8cf1a550cab') in 0.046117 seconds
  Import took 0.053237 seconds .

========================================================================
Received Import Request.
  Time since last request: 0.000453 seconds.
  path: Assets/Flooded_Grounds/Content/Meshes/mBuildings/mCabins/Cabin1_Deco_WindowGlass_A.fbx
  artifactKey: Guid(eb73c6f1d30479e42987fac89f58a3b8) Importer(815301076,1909f56bfc062723c751e8b465ee728b)
Start importing Assets/Flooded_Grounds/Content/Meshes/mBuildings/mCabins/Cabin1_Deco_WindowGlass_A.fbx using Guid(eb73c6f1d30479e42987fac89f58a3b8) Importer(815301076,1909f56bfc062723c751e8b465ee728b)  -> (artifact id: '7b3e221efb7528a959d2f7ffe8de7a46') in 0.037082 seconds
  Import took 0.043443 seconds .

========================================================================
Received Import Request.
  Time since last request: 0.374400 seconds.
  path: Assets/assets/Sounds/Ambience/Night Ambience.wav
  artifactKey: Guid(3754a79fcfa0ea440ae27e8acd01969b) Importer(815301076,1909f56bfc062723c751e8b465ee728b)
Start importing Assets/assets/Sounds/Ambience/Night Ambience.wav using Guid(3754a79fcfa0ea440ae27e8acd01969b) Importer(815301076,1909f56bfc062723c751e8b465ee728b)  -> (artifact id: 'ce571cfefa2ef5cd59f1c7d688124ef0') in 0.037311 seconds
  Import took 0.046478 seconds .

========================================================================
Received Import Request.
  Time since last request: 2.657495 seconds.
  path: Assets/Flooded_Grounds/PostProcessing/Runtime/Components/AmbientOcclusionComponent.cs
  artifactKey: Guid(c6e33ce72d3776b408121f946283403d) Importer(815301076,1909f56bfc062723c751e8b465ee728b)
Start importing Assets/Flooded_Grounds/PostProcessing/Runtime/Components/AmbientOcclusionComponent.cs using Guid(c6e33ce72d3776b408121f946283403d) Importer(815301076,1909f56bfc062723c751e8b465ee728b)  -> (artifact id: '67f2e3995699039848c49f2caeb9d723') in 0.049477 seconds
  Import took 0.057233 seconds .

========================================================================
Received Prepare
Registering precompiled user dll's ...
Registered in 0.019591 seconds.
Begin MonoManager ReloadAssembly
Native extension for WindowsStandalone target not found
Native extension for WebGL target not found
Refreshing native plugins compatible for Editor in 1.42 ms, found 2 plugins.
Preloading 0 native plugins for Editor in 0.00 ms.
Mono: successfully reloaded assembly
- Completed reload, in  1.891 seconds
Platform modules already initialized, skipping
Refreshing native plugins compatible for Editor in 1.28 ms, found 2 plugins.
Preloading 0 native plugins for Editor in 0.00 ms.
Unloading 2149 Unused Serialized files (Serialized files now loaded: 0)
System memory in use before: 122.7 MB.
System memory in use after: 122.5 MB.

Unloading 52 unused Assets to reduce memory usage. Loaded Objects now: 2724.
Total: 9.867900 ms (FindLiveObjects: 0.380600 ms CreateObjectMapping: 0.115500 ms MarkObjects: 8.839400 ms  DeleteObjects: 0.530400 ms)

========================================================================
Received Prepare
Registering precompiled user dll's ...
Registered in 0.014310 seconds.
Begin MonoManager ReloadAssembly
Native extension for WindowsStandalone target not found
Native extension for WebGL target not found
Refreshing native plugins compatible for Editor in 1.62 ms, found 2 plugins.
Preloading 0 native plugins for Editor in 0.00 ms.
Mono: successfully reloaded assembly
- Completed reload, in  1.741 seconds
Platform modules already initialized, skipping
Refreshing native plugins compatible for Editor in 1.63 ms, found 2 plugins.
Preloading 0 native plugins for Editor in 0.00 ms.
Unloading 2149 Unused Serialized files (Serialized files now loaded: 0)
System memory in use before: 122.7 MB.
System memory in use after: 122.6 MB.

Unloading 51 unused Assets to reduce memory usage. Loaded Objects now: 2727.
Total: 11.353000 ms (FindLiveObjects: 0.534300 ms CreateObjectMapping: 0.143600 ms MarkObjects: 9.842600 ms  DeleteObjects: 0.828600 ms)

========================================================================
Received Import Request.
  Time since last request: 146.489937 seconds.
  path: Assets/assets/New Terrain 1.asset
  artifactKey: Guid(5a458510d90de7e47b5450115342d9c1) Importer(815301076,1909f56bfc062723c751e8b465ee728b)
Start importing Assets/assets/New Terrain 1.asset using Guid(5a458510d90de7e47b5450115342d9c1) Importer(815301076,1909f56bfc062723c751e8b465ee728b)  -> (artifact id: '0185679d153af3d8d551dcfce1d54bfc') in 0.081219 seconds
  Import took 0.088413 seconds .

========================================================================
Received Prepare
Registering precompiled user dll's ...
Registered in 0.015075 seconds.
Begin MonoManager ReloadAssembly
Native extension for WindowsStandalone target not found
Native extension for WebGL target not found
Refreshing native plugins compatible for Editor in 1.64 ms, found 2 plugins.
Preloading 0 native plugins for Editor in 0.00 ms.
Mono: successfully reloaded assembly
- Completed reload, in  1.670 seconds
Platform modules already initialized, skipping
Refreshing native plugins compatible for Editor in 1.62 ms, found 2 plugins.
Preloading 0 native plugins for Editor in 0.00 ms.
Unloading 2149 Unused Serialized files (Serialized files now loaded: 0)
System memory in use before: 122.7 MB.
System memory in use after: 122.6 MB.

Unloading 51 unused Assets to reduce memory usage. Loaded Objects now: 2730.
Total: 10.342500 ms (FindLiveObjects: 0.363200 ms CreateObjectMapping: 0.105300 ms MarkObjects: 8.889500 ms  DeleteObjects: 0.981100 ms)

========================================================================
Received Prepare
Registering precompiled user dll's ...
Registered in 0.014608 seconds.
Begin MonoManager ReloadAssembly
Native extension for WindowsStandalone target not found
Native extension for WebGL target not found
Refreshing native plugins compatible for Editor in 2.05 ms, found 2 plugins.
Preloading 0 native plugins for Editor in 0.00 ms.
Mono: successfully reloaded assembly
- Completed reload, in  1.819 seconds
Platform modules already initialized, skipping
Refreshing native plugins compatible for Editor in 1.48 ms, found 2 plugins.
Preloading 0 native plugins for Editor in 0.00 ms.
Unloading 2149 Unused Serialized files (Serialized files now loaded: 0)
System memory in use before: 122.8 MB.
System memory in use after: 122.6 MB.

Unloading 51 unused Assets to reduce memory usage. Loaded Objects now: 2733.
Total: 8.077200 ms (FindLiveObjects: 0.368100 ms CreateObjectMapping: 0.086400 ms MarkObjects: 6.983500 ms  DeleteObjects: 0.637000 ms)

========================================================================
Received Prepare
Registering precompiled user dll's ...
Registered in 0.014434 seconds.
Begin MonoManager ReloadAssembly
Native extension for WindowsStandalone target not found
Native extension for WebGL target not found
Refreshing native plugins compatible for Editor in 1.69 ms, found 2 plugins.
Preloading 0 native plugins for Editor in 0.00 ms.
Mono: successfully reloaded assembly
- Completed reload, in  1.636 seconds
Platform modules already initialized, skipping
Refreshing native plugins compatible for Editor in 1.31 ms, found 2 plugins.
Preloading 0 native plugins for Editor in 0.00 ms.
Unloading 2149 Unused Serialized files (Serialized files now loaded: 0)
System memory in use before: 122.7 MB.
System memory in use after: 122.5 MB.

Unloading 51 unused Assets to reduce memory usage. Loaded Objects now: 2736.
Total: 9.752800 ms (FindLiveObjects: 0.375100 ms CreateObjectMapping: 0.097200 ms MarkObjects: 8.608800 ms  DeleteObjects: 0.669500 ms)

========================================================================
Received Import Request.
  Time since last request: 36.733522 seconds.
  path: Assets/assets/Scripts/AmbientPlay.cs
  artifactKey: Guid(2d5f3905bf6fcc946b4520f78ebec9f9) Importer(815301076,1909f56bfc062723c751e8b465ee728b)
Start importing Assets/assets/Scripts/AmbientPlay.cs using Guid(2d5f3905bf6fcc946b4520f78ebec9f9) Importer(815301076,1909f56bfc062723c751e8b465ee728b)  -> (artifact id: 'e830b9b3956a6a383728d8dd4d4e90ba') in 0.022579 seconds
  Import took 0.030690 seconds .

========================================================================
Received Prepare
Registering precompiled user dll's ...
Registered in 0.019275 seconds.
Begin MonoManager ReloadAssembly
Native extension for WindowsStandalone target not found
Native extension for WebGL target not found
Refreshing native plugins compatible for Editor in 1.45 ms, found 2 plugins.
Preloading 0 native plugins for Editor in 0.00 ms.
Mono: successfully reloaded assembly
- Completed reload, in  2.623 seconds
Platform modules already initialized, skipping
Refreshing native plugins compatible for Editor in 1.84 ms, found 2 plugins.
Preloading 0 native plugins for Editor in 0.00 ms.
Unloading 2149 Unused Serialized files (Serialized files now loaded: 0)
System memory in use before: 122.8 MB.
System memory in use after: 122.6 MB.

Unloading 51 unused Assets to reduce memory usage. Loaded Objects now: 2739.
Total: 23.834200 ms (FindLiveObjects: 0.424200 ms CreateObjectMapping: 0.118500 ms MarkObjects: 21.760100 ms  DeleteObjects: 1.528100 ms)

========================================================================
Received Import Request.
  Time since last request: 510.763096 seconds.
  path: Assets/assets/Scripts/AmbientPlay.cs
  artifactKey: Guid(2d5f3905bf6fcc946b4520f78ebec9f9) Importer(815301076,1909f56bfc062723c751e8b465ee728b)
Start importing Assets/assets/Scripts/AmbientPlay.cs using Guid(2d5f3905bf6fcc946b4520f78ebec9f9) Importer(815301076,1909f56bfc062723c751e8b465ee728b)  -> (artifact id: 'd3a24ecdde27a2beeca4d6535ffd2296') in 0.018686 seconds
  Import took 0.027106 seconds .

========================================================================
Received Import Request.
  Time since last request: 2.694893 seconds.
  path: Assets/assets/Scripts/AmbientPlay.cs
  artifactKey: Guid(2d5f3905bf6fcc946b4520f78ebec9f9) Importer(815301076,1909f56bfc062723c751e8b465ee728b)
Start importing Assets/assets/Scripts/AmbientPlay.cs using Guid(2d5f3905bf6fcc946b4520f78ebec9f9) Importer(815301076,1909f56bfc062723c751e8b465ee728b)  -> (artifact id: 'd3a24ecdde27a2beeca4d6535ffd2296') in 0.015753 seconds
  Import took 0.027893 seconds .

========================================================================
Received Prepare
Registering precompiled user dll's ...
Registered in 0.029565 seconds.
Begin MonoManager ReloadAssembly
Native extension for WindowsStandalone target not found
Native extension for WebGL target not found
Refreshing native plugins compatible for Editor in 1.35 ms, found 2 plugins.
Preloading 0 native plugins for Editor in 0.00 ms.
Mono: successfully reloaded assembly
- Completed reload, in  1.655 seconds
Platform modules already initialized, skipping
Refreshing native plugins compatible for Editor in 1.86 ms, found 2 plugins.
Preloading 0 native plugins for Editor in 0.00 ms.
Unloading 2149 Unused Serialized files (Serialized files now loaded: 0)
System memory in use before: 122.8 MB.
System memory in use after: 122.6 MB.

Unloading 51 unused Assets to reduce memory usage. Loaded Objects now: 2742.
Total: 9.699000 ms (FindLiveObjects: 0.389800 ms CreateObjectMapping: 0.096300 ms MarkObjects: 8.507400 ms  DeleteObjects: 0.703500 ms)

========================================================================
Received Import Request.
  Time since last request: 161.944869 seconds.
  path: Assets/assets/Scripts/PlayerFootsteps.cs
  artifactKey: Guid(96152036e2717ac47a3455b1ec6559e8) Importer(815301076,1909f56bfc062723c751e8b465ee728b)
Start importing Assets/assets/Scripts/PlayerFootsteps.cs using Guid(96152036e2717ac47a3455b1ec6559e8) Importer(815301076,1909f56bfc062723c751e8b465ee728b)  -> (artifact id: 'c4b3200b11d57310d36f3067e67bd29e') in 0.027283 seconds
  Import took 0.036915 seconds .

========================================================================
Received Import Request.
  Time since last request: 0.015957 seconds.
  path: Assets/assets/Scripts/PlayerFootsteps.cs
  artifactKey: Guid(96152036e2717ac47a3455b1ec6559e8) Importer(815301076,1909f56bfc062723c751e8b465ee728b)
Start importing Assets/assets/Scripts/PlayerFootsteps.cs using Guid(96152036e2717ac47a3455b1ec6559e8) Importer(815301076,1909f56bfc062723c751e8b465ee728b)  -> (artifact id: 'c4b3200b11d57310d36f3067e67bd29e') in 0.007808 seconds
  Import took 0.013690 seconds .

========================================================================
Received Prepare
Registering precompiled user dll's ...
Registered in 0.036523 seconds.
Begin MonoManager ReloadAssembly
Native extension for WindowsStandalone target not found
Native extension for WebGL target not found
Refreshing native plugins compatible for Editor in 23.93 ms, found 2 plugins.
Preloading 0 native plugins for Editor in 0.00 ms.
Mono: successfully reloaded assembly
- Completed reload, in  9.387 seconds
Platform modules already initialized, skipping
Refreshing native plugins compatible for Editor in 2.94 ms, found 2 plugins.
Preloading 0 native plugins for Editor in 0.00 ms.
Unloading 2149 Unused Serialized files (Serialized files now loaded: 0)
System memory in use before: 122.8 MB.
System memory in use after: 122.6 MB.

Unloading 51 unused Assets to reduce memory usage. Loaded Objects now: 2745.
Total: 27.178800 ms (FindLiveObjects: 4.345800 ms CreateObjectMapping: 1.345900 ms MarkObjects: 18.970600 ms  DeleteObjects: 2.505400 ms)

========================================================================
Received Prepare
Registering precompiled user dll's ...
Registered in 0.143354 seconds.
Begin MonoManager ReloadAssembly
Native extension for WindowsStandalone target not found
Native extension for WebGL target not found
Refreshing native plugins compatible for Editor in 9.39 ms, found 2 plugins.
Preloading 0 native plugins for Editor in 0.00 ms.
Mono: successfully reloaded assembly
- Completed reload, in  3.524 seconds
Platform modules already initialized, skipping
Refreshing native plugins compatible for Editor in 1.85 ms, found 2 plugins.
Preloading 0 native plugins for Editor in 0.00 ms.
Unloading 2149 Unused Serialized files (Serialized files now loaded: 0)
System memory in use before: 122.8 MB.
System memory in use after: 122.6 MB.

Unloading 51 unused Assets to reduce memory usage. Loaded Objects now: 2748.
Total: 24.524900 ms (FindLiveObjects: 1.432200 ms CreateObjectMapping: 0.474200 ms MarkObjects: 21.266000 ms  DeleteObjects: 1.348200 ms)

========================================================================
Received Prepare
Registering precompiled user dll's ...
Registered in 0.122461 seconds.
Begin MonoManager ReloadAssembly
Native extension for WindowsStandalone target not found
Native extension for WebGL target not found
Refreshing native plugins compatible for Editor in 1.72 ms, found 2 plugins.
Preloading 0 native plugins for Editor in 0.00 ms.
Mono: successfully reloaded assembly
- Completed reload, in  4.102 seconds
Platform modules already initialized, skipping
Refreshing native plugins compatible for Editor in 1.47 ms, found 2 plugins.
Preloading 0 native plugins for Editor in 0.00 ms.
Unloading 2149 Unused Serialized files (Serialized files now loaded: 0)
System memory in use before: 122.7 MB.
System memory in use after: 122.5 MB.

Unloading 51 unused Assets to reduce memory usage. Loaded Objects now: 2751.
Total: 10.282200 ms (FindLiveObjects: 0.419400 ms CreateObjectMapping: 0.094900 ms MarkObjects: 8.672700 ms  DeleteObjects: 1.091900 ms)

========================================================================
Received Import Request.
  Time since last request: 746.292355 seconds.
  path: Assets/assets/Scripts/PlayerAttack.cs
  artifactKey: Guid(f42b4b06e8a2c7b4cbd0ccae74f6bc18) Importer(815301076,1909f56bfc062723c751e8b465ee728b)
Start importing Assets/assets/Scripts/PlayerAttack.cs using Guid(f42b4b06e8a2c7b4cbd0ccae74f6bc18) Importer(815301076,1909f56bfc062723c751e8b465ee728b)  -> (artifact id: 'f2f23d5523f894ebc5e8541372dfe34d') in 2.501735 seconds
  Import took 3.398677 seconds .

========================================================================
Received Import Request.
  Time since last request: 1.284025 seconds.
  path: Assets/assets/Scripts/PlayerAttack.cs
  artifactKey: Guid(f42b4b06e8a2c7b4cbd0ccae74f6bc18) Importer(815301076,1909f56bfc062723c751e8b465ee728b)
Start importing Assets/assets/Scripts/PlayerAttack.cs using Guid(f42b4b06e8a2c7b4cbd0ccae74f6bc18) Importer(815301076,1909f56bfc062723c751e8b465ee728b)  -> (artifact id: 'f2f23d5523f894ebc5e8541372dfe34d') in 0.023293 seconds
  Import took 0.034067 seconds .

========================================================================
Received Import Request.
  Time since last request: 67.429493 seconds.
  path: Assets/assets/Scripts/TagHolder.cs
  artifactKey: Guid(64a2086c0b994da428b76c9e5cd09e95) Importer(815301076,1909f56bfc062723c751e8b465ee728b)
Start importing Assets/assets/Scripts/TagHolder.cs using Guid(64a2086c0b994da428b76c9e5cd09e95) Importer(815301076,1909f56bfc062723c751e8b465ee728b)  -> (artifact id: '36d8d0291d61daeef4c92c06580ae080') in 0.106559 seconds
  Import took 0.163398 seconds .

========================================================================
Received Import Request.
  Time since last request: 2.908064 seconds.
  path: Assets/assets/Scripts/TagHolder.cs
  artifactKey: Guid(64a2086c0b994da428b76c9e5cd09e95) Importer(815301076,1909f56bfc062723c751e8b465ee728b)
Start importing Assets/assets/Scripts/TagHolder.cs using Guid(64a2086c0b994da428b76c9e5cd09e95) Importer(815301076,1909f56bfc062723c751e8b465ee728b)  -> (artifact id: '36d8d0291d61daeef4c92c06580ae080') in 0.014675 seconds
  Import took 0.037015 seconds .

========================================================================
Received Import Request.
  Time since last request: 318.015102 seconds.
  path: Assets/assets/Scripts/PlayerStats.cs
  artifactKey: Guid(96032483a1dce294eb7245e3d85714f9) Importer(815301076,1909f56bfc062723c751e8b465ee728b)
Start importing Assets/assets/Scripts/PlayerStats.cs using Guid(96032483a1dce294eb7245e3d85714f9) Importer(815301076,1909f56bfc062723c751e8b465ee728b)  -> (artifact id: 'efac0d5ca477c2609dd8393765bb0ce9') in 0.075340 seconds
  Import took 0.382470 seconds .

========================================================================
Received Import Request.
  Time since last request: 8.830813 seconds.
  path: Assets/assets/Scripts/InventoryScript.cs
  artifactKey: Guid(e1cae2fbd3f6fae4597e8f6e1bc9f706) Importer(815301076,1909f56bfc062723c751e8b465ee728b)
Start importing Assets/assets/Scripts/InventoryScript.cs using Guid(e1cae2fbd3f6fae4597e8f6e1bc9f706) Importer(815301076,1909f56bfc062723c751e8b465ee728b)  -> (artifact id: '4307784619399a5b4099bdcc08af9ead') in 0.062945 seconds
  Import took 0.073705 seconds .

========================================================================
Received Prepare
Registering precompiled user dll's ...
Registered in 0.020568 seconds.
Begin MonoManager ReloadAssembly
Native extension for WindowsStandalone target not found
Native extension for WebGL target not found
Refreshing native plugins compatible for Editor in 1.60 ms, found 2 plugins.
Preloading 0 native plugins for Editor in 0.00 ms.
Mono: successfully reloaded assembly
- Completed reload, in  3.277 seconds
Platform modules already initialized, skipping
Refreshing native plugins compatible for Editor in 1.49 ms, found 2 plugins.
Preloading 0 native plugins for Editor in 0.00 ms.
Unloading 2149 Unused Serialized files (Serialized files now loaded: 0)
System memory in use before: 122.8 MB.
System memory in use after: 122.7 MB.

Unloading 51 unused Assets to reduce memory usage. Loaded Objects now: 2754.
Total: 17.027300 ms (FindLiveObjects: 0.480500 ms CreateObjectMapping: 0.140600 ms MarkObjects: 14.967300 ms  DeleteObjects: 1.436000 ms)

========================================================================
Received Import Request.
  Time since last request: 153.660193 seconds.
  path: Assets/assets/Scripts/InventoryScript.cs
  artifactKey: Guid(e1cae2fbd3f6fae4597e8f6e1bc9f706) Importer(815301076,1909f56bfc062723c751e8b465ee728b)
Start importing Assets/assets/Scripts/InventoryScript.cs using Guid(e1cae2fbd3f6fae4597e8f6e1bc9f706) Importer(815301076,1909f56bfc062723c751e8b465ee728b)  -> (artifact id: '5caa4a8d0e30501d937ecd979167476b') in 0.021937 seconds
  Import took 0.032706 seconds .

========================================================================
Received Import Request.
  Time since last request: 3.980106 seconds.
  path: Assets/assets/Scripts/InventoryScript.cs
  artifactKey: Guid(e1cae2fbd3f6fae4597e8f6e1bc9f706) Importer(815301076,1909f56bfc062723c751e8b465ee728b)
Start importing Assets/assets/Scripts/InventoryScript.cs using Guid(e1cae2fbd3f6fae4597e8f6e1bc9f706) Importer(815301076,1909f56bfc062723c751e8b465ee728b)  -> (artifact id: '5caa4a8d0e30501d937ecd979167476b') in 0.026241 seconds
  Import took 0.043668 seconds .

========================================================================
Received Prepare
Registering precompiled user dll's ...
Registered in 0.031649 seconds.
Begin MonoManager ReloadAssembly
Native extension for WindowsStandalone target not found
Native extension for WebGL target not found
Refreshing native plugins compatible for Editor in 1.33 ms, found 2 plugins.
Preloading 0 native plugins for Editor in 0.00 ms.
Mono: successfully reloaded assembly
- Completed reload, in  1.709 seconds
Platform modules already initialized, skipping
Refreshing native plugins compatible for Editor in 1.34 ms, found 2 plugins.
Preloading 0 native plugins for Editor in 0.00 ms.
Unloading 2149 Unused Serialized files (Serialized files now loaded: 0)
System memory in use before: 122.8 MB.
System memory in use after: 122.7 MB.

Unloading 51 unused Assets to reduce memory usage. Loaded Objects now: 2757.
Total: 10.752900 ms (FindLiveObjects: 0.374200 ms CreateObjectMapping: 0.099800 ms MarkObjects: 9.476800 ms  DeleteObjects: 0.799400 ms)

========================================================================
Received Prepare
Registering precompiled user dll's ...
Registered in 0.032123 seconds.
Begin MonoManager ReloadAssembly
Native extension for WindowsStandalone target not found
Native extension for WebGL target not found
Refreshing native plugins compatible for Editor in 1.76 ms, found 2 plugins.
Preloading 0 native plugins for Editor in 0.00 ms.
Mono: successfully reloaded assembly
- Completed reload, in  2.420 seconds
Platform modules already initialized, skipping
Refreshing native plugins compatible for Editor in 1.31 ms, found 2 plugins.
Preloading 0 native plugins for Editor in 0.00 ms.
Unloading 2149 Unused Serialized files (Serialized files now loaded: 0)
System memory in use before: 122.8 MB.
System memory in use after: 122.7 MB.

Unloading 51 unused Assets to reduce memory usage. Loaded Objects now: 2760.
Total: 18.793800 ms (FindLiveObjects: 0.982500 ms CreateObjectMapping: 0.095100 ms MarkObjects: 15.610300 ms  DeleteObjects: 2.103000 ms)

========================================================================
Received Import Request.
  Time since last request: 915.138949 seconds.
  path: Assets/assets/Terrain/Trees/Tree.prefab
  artifactKey: Guid(6f29138e53dbd784890afe104a1e7de9) Importer(815301076,1909f56bfc062723c751e8b465ee728b)
Start importing Assets/assets/Terrain/Trees/Tree.prefab using Guid(6f29138e53dbd784890afe104a1e7de9) Importer(815301076,1909f56bfc062723c751e8b465ee728b)  -> (artifact id: 'bc33e5e4792f125dac36070e2bf8995d') in 1.657588 seconds
  Import took 2.041927 seconds .

========================================================================
Received Import Request.
  Time since last request: 0.001487 seconds.
  path: Assets/assets/Terrain/Trees/Tree.prefab
  artifactKey: Guid(6f29138e53dbd784890afe104a1e7de9) Importer(815301076,1909f56bfc062723c751e8b465ee728b)
Start importing Assets/assets/Terrain/Trees/Tree.prefab using Guid(6f29138e53dbd784890afe104a1e7de9) Importer(815301076,1909f56bfc062723c751e8b465ee728b)  -> (artifact id: 'bc33e5e4792f125dac36070e2bf8995d') in 0.131753 seconds
  Import took 0.139800 seconds .

========================================================================
Received Prepare
Registering precompiled user dll's ...
Registered in 0.028713 seconds.
Begin MonoManager ReloadAssembly
Native extension for WindowsStandalone target not found
Native extension for WebGL target not found
Refreshing native plugins compatible for Editor in 2.33 ms, found 2 plugins.
Preloading 0 native plugins for Editor in 0.00 ms.
Mono: successfully reloaded assembly
- Completed reload, in  2.735 seconds
Platform modules already initialized, skipping
Refreshing native plugins compatible for Editor in 1.41 ms, found 2 plugins.
Preloading 0 native plugins for Editor in 0.00 ms.
Unloading 2149 Unused Serialized files (Serialized files now loaded: 0)
System memory in use before: 123.5 MB.
System memory in use after: 123.4 MB.

Unloading 51 unused Assets to reduce memory usage. Loaded Objects now: 2766.
Total: 16.872200 ms (FindLiveObjects: 0.750800 ms CreateObjectMapping: 0.318000 ms MarkObjects: 14.889400 ms  DeleteObjects: 0.910600 ms)

========================================================================
Received Import Request.
  Time since last request: 355.859005 seconds.
  path: Assets/Standard Assets/Vehicles/Aircraft/Models/AircraftWingsJet.fbx
  artifactKey: Guid(63742edd796d522458d772b44affdf9b) Importer(815301076,1909f56bfc062723c751e8b465ee728b)
Start importing Assets/Standard Assets/Vehicles/Aircraft/Models/AircraftWingsJet.fbx using Guid(63742edd796d522458d772b44affdf9b) Importer(815301076,1909f56bfc062723c751e8b465ee728b)  -> (artifact id: 'a41b75bb47c78b89601f212620717806') in 1.528021 seconds
  Import took 1.538122 seconds .

========================================================================
Received Import Request.
  Time since last request: 0.000331 seconds.
  path: Assets/RPG_FPS_game_assets_industrial/Barrels/Barrel_v1/Source/Barrel_v1.mat
  artifactKey: Guid(db7eb35339cc6e249a3b76684d621373) Importer(815301076,1909f56bfc062723c751e8b465ee728b)
Start importing Assets/RPG_FPS_game_assets_industrial/Barrels/Barrel_v1/Source/Barrel_v1.mat using Guid(db7eb35339cc6e249a3b76684d621373) Importer(815301076,1909f56bfc062723c751e8b465ee728b)  -> (artifact id: 'b1a0c1124bcfd8eb6112752e4a842200') in 0.087445 seconds
  Import took 0.094335 seconds .

========================================================================
Received Import Request.
  Time since last request: 0.000302 seconds.
  path: Assets/RPG_FPS_game_assets_industrial/Barrels/Barrel_v3/Barrel_v3_quadro.prefab
  artifactKey: Guid(9732a241b7bd0fa4a8e59553d6d8a2b0) Importer(815301076,1909f56bfc062723c751e8b465ee728b)
Start importing Assets/RPG_FPS_game_assets_industrial/Barrels/Barrel_v3/Barrel_v3_quadro.prefab using Guid(9732a241b7bd0fa4a8e59553d6d8a2b0) Importer(815301076,1909f56bfc062723c751e8b465ee728b)  -> (artifact id: 'cef263a94e4bd17f5ad9af6f78ad7092') in 0.047440 seconds
  Import took 0.056125 seconds .

========================================================================
Received Import Request.
  Time since last request: 0.002073 seconds.
  path: Assets/Standard Assets/Vehicles/Car/Models/SkyCar.fbx
  artifactKey: Guid(e6fec471c20b9d148b1f87910e67bea4) Importer(815301076,1909f56bfc062723c751e8b465ee728b)
Start importing Assets/Standard Assets/Vehicles/Car/Models/SkyCar.fbx using Guid(e6fec471c20b9d148b1f87910e67bea4) Importer(815301076,1909f56bfc062723c751e8b465ee728b)  -> (artifact id: '278b3ba543d5c56609e8346ab8f3d4b9') in 0.931102 seconds
  Import took 0.940914 seconds .

========================================================================
Received Import Request.
  Time since last request: 0.000299 seconds.
  path: Assets/Standard Assets/Vehicles/Aircraft/Models/AircraftWingsPropeller.fbx
  artifactKey: Guid(8fb5ebe73f3784e4fab98b15f1299e76) Importer(815301076,1909f56bfc062723c751e8b465ee728b)
Start importing Assets/Standard Assets/Vehicles/Aircraft/Models/AircraftWingsPropeller.fbx using Guid(8fb5ebe73f3784e4fab98b15f1299e76) Importer(815301076,1909f56bfc062723c751e8b465ee728b)  -> (artifact id: '337e3f53010cb37480020434ff7f4c04') in 0.844780 seconds
  Import took 0.856657 seconds .

========================================================================
Received Import Request.
  Time since last request: 0.000411 seconds.
  path: Assets/RPG_FPS_game_assets_industrial/Barrels/Barrel_v3/Source/Barrel_v3.FBX
  artifactKey: Guid(8bf7537d27999d4448c4145cad1f47e7) Importer(815301076,1909f56bfc062723c751e8b465ee728b)
Start importing Assets/RPG_FPS_game_assets_industrial/Barrels/Barrel_v3/Source/Barrel_v3.FBX using Guid(8bf7537d27999d4448c4145cad1f47e7) Importer(815301076,1909f56bfc062723c751e8b465ee728b)  -> (artifact id: '8d21efd97057e06d5748adc8a923e22f') in 0.152566 seconds
  Import took 0.160679 seconds .

========================================================================
Received Import Request.
  Time since last request: 0.000346 seconds.
  path: Assets/RPG_FPS_game_assets_industrial/Barrels/Barrel_v1/Source/Barrel_v1.FBX
  artifactKey: Guid(ffd14148582c4f84f867ad56a7b3dafd) Importer(815301076,1909f56bfc062723c751e8b465ee728b)
Start importing Assets/RPG_FPS_game_assets_industrial/Barrels/Barrel_v1/Source/Barrel_v1.FBX using Guid(ffd14148582c4f84f867ad56a7b3dafd) Importer(815301076,1909f56bfc062723c751e8b465ee728b)  -> (artifact id: 'd6d1aa2c92e2281b72e977afc53959df') in 0.122886 seconds
  Import took 0.132052 seconds .

========================================================================
Received Import Request.
  Time since last request: 0.000334 seconds.
  path: Assets/RPG_FPS_game_assets_industrial/Barrels/Barrel_v1/Barrel_v1_LD2.prefab
  artifactKey: Guid(17002e90aebb00b40a69cf6fe9083dfc) Importer(815301076,1909f56bfc062723c751e8b465ee728b)
Start importing Assets/RPG_FPS_game_assets_industrial/Barrels/Barrel_v1/Barrel_v1_LD2.prefab using Guid(17002e90aebb00b40a69cf6fe9083dfc) Importer(815301076,1909f56bfc062723c751e8b465ee728b)  -> (artifact id: '0c0171906e54611e10b6d4bde21d7b50') in 0.046208 seconds
  Import took 0.053041 seconds .

========================================================================
Received Import Request.
  Time since last request: 0.000339 seconds.
  path: Assets/RPG_FPS_game_assets_industrial/Barrels/Barrel_v2/Barrel_v2_quadro.prefab
  artifactKey: Guid(efaf0e3818a9ab240983b51198f0a77a) Importer(815301076,1909f56bfc062723c751e8b465ee728b)
Start importing Assets/RPG_FPS_game_assets_industrial/Barrels/Barrel_v2/Barrel_v2_quadro.prefab using Guid(efaf0e3818a9ab240983b51198f0a77a) Importer(815301076,1909f56bfc062723c751e8b465ee728b)  -> (artifact id: 'bd9bf5b336b81ef0ab75c2d6b9fda8dc') in 0.056922 seconds
  Import took 0.066763 seconds .

========================================================================
Received Import Request.
  Time since last request: 0.000316 seconds.
  path: Assets/RPG_FPS_game_assets_industrial/Barrels/Barrel_v2/Source/Barrel_v2.mat
  artifactKey: Guid(cd2f24c07b1bce24fa0066430da2910b) Importer(815301076,1909f56bfc062723c751e8b465ee728b)
Start importing Assets/RPG_FPS_game_assets_industrial/Barrels/Barrel_v2/Source/Barrel_v2.mat using Guid(cd2f24c07b1bce24fa0066430da2910b) Importer(815301076,1909f56bfc062723c751e8b465ee728b)  -> (artifact id: '8a3e5dac4a7375f9fa1a113175ea523d') in 0.048118 seconds
  Import took 0.057595 seconds .

========================================================================
Received Import Request.
  Time since last request: 0.000612 seconds.
  path: Assets/Standard Assets/CrossPlatformInput/Sprites/ButtonArrowOverSprite.png
  artifactKey: Guid(49b611e658efbf443b686a4036f74fe3) Importer(815301076,1909f56bfc062723c751e8b465ee728b)
Start importing Assets/Standard Assets/CrossPlatformInput/Sprites/ButtonArrowOverSprite.png using Guid(49b611e658efbf443b686a4036f74fe3) Importer(815301076,1909f56bfc062723c751e8b465ee728b)  -> (artifact id: '4fe138bd5e7f35a5c50c236355e92ff9') in 0.128958 seconds
  Import took 0.136870 seconds .

========================================================================
Received Import Request.
  Time since last request: 0.000275 seconds.
  path: Assets/RPG_FPS_game_assets_industrial/Barrels/Barrel_v2/Source/Barrel_v2.FBX
  artifactKey: Guid(3693ef6778a2a2942b1a7b3f2e10c297) Importer(815301076,1909f56bfc062723c751e8b465ee728b)
Start importing Assets/RPG_FPS_game_assets_industrial/Barrels/Barrel_v2/Source/Barrel_v2.FBX using Guid(3693ef6778a2a2942b1a7b3f2e10c297) Importer(815301076,1909f56bfc062723c751e8b465ee728b)  -> (artifact id: 'a98fce1fdb6718ce3bda568a08564817') in 0.091978 seconds
  Import took 0.100769 seconds .

========================================================================
Received Import Request.
  Time since last request: 0.000312 seconds.
  path: Assets/RPG_FPS_game_assets_industrial/Barrels/Barrel_v2/Barrel_v2_single.prefab
  artifactKey: Guid(ddf0187b9b9cef54bab5c9c49969758a) Importer(815301076,1909f56bfc062723c751e8b465ee728b)
Start importing Assets/RPG_FPS_game_assets_industrial/Barrels/Barrel_v2/Barrel_v2_single.prefab using Guid(ddf0187b9b9cef54bab5c9c49969758a) Importer(815301076,1909f56bfc062723c751e8b465ee728b)  -> (artifact id: '73e6fa0c826a1d4546169667e41fccaa') in 0.053532 seconds
  Import took 0.062351 seconds .

========================================================================
Received Import Request.
  Time since last request: 0.000356 seconds.
  path: Assets/Standard Assets/CrossPlatformInput/Sprites/ButtonArrowUpSprite.png
  artifactKey: Guid(4db017495c69e8140a56a0e2b669e3f8) Importer(815301076,1909f56bfc062723c751e8b465ee728b)
Start importing Assets/Standard Assets/CrossPlatformInput/Sprites/ButtonArrowUpSprite.png using Guid(4db017495c69e8140a56a0e2b669e3f8) Importer(815301076,1909f56bfc062723c751e8b465ee728b)  -> (artifact id: '7883c9e3f39346cc1dc72d461ad5259b') in 0.051313 seconds
  Import took 0.061912 seconds .

========================================================================
Received Import Request.
  Time since last request: 0.000778 seconds.
  path: Assets/RPG_FPS_game_assets_industrial/Barrels/Barrel_v3/Source/Barrel_v3.mat
  artifactKey: Guid(f15201246572bdb49bcb3594bf3000f3) Importer(815301076,1909f56bfc062723c751e8b465ee728b)
Start importing Assets/RPG_FPS_game_assets_industrial/Barrels/Barrel_v3/Source/Barrel_v3.mat using Guid(f15201246572bdb49bcb3594bf3000f3) Importer(815301076,1909f56bfc062723c751e8b465ee728b)  -> (artifact id: '983bbbae51e43baf2a924c786ba7784c') in 0.050113 seconds
  Import took 0.057489 seconds .

========================================================================
Received Import Request.
  Time since last request: 0.000354 seconds.
  path: Assets/RPG_FPS_game_assets_industrial/Barrels/Barrel_v3/Barrel_v3_single.prefab
  artifactKey: Guid(a62abbb708e3f49489bde29e5cfc3ebd) Importer(815301076,1909f56bfc062723c751e8b465ee728b)
Start importing Assets/RPG_FPS_game_assets_industrial/Barrels/Barrel_v3/Barrel_v3_single.prefab using Guid(a62abbb708e3f49489bde29e5cfc3ebd) Importer(815301076,1909f56bfc062723c751e8b465ee728b)  -> (artifact id: 'e02ede125dbd87c2a61babdacef6b83c') in 0.073476 seconds
  Import took 0.080570 seconds .

========================================================================
Received Import Request.
  Time since last request: 0.000438 seconds.
  path: Assets/RPG_FPS_game_assets_industrial/Barrels/Barrel_v1/Barrel_v1_LD3.prefab
  artifactKey: Guid(85a8f6f8dca77df4e9c05f21b5e8ed87) Importer(815301076,1909f56bfc062723c751e8b465ee728b)
Start importing Assets/RPG_FPS_game_assets_industrial/Barrels/Barrel_v1/Barrel_v1_LD3.prefab using Guid(85a8f6f8dca77df4e9c05f21b5e8ed87) Importer(815301076,1909f56bfc062723c751e8b465ee728b)  -> (artifact id: '3e22d7e099566f18ed8248966f51cd41') in 0.065128 seconds
  Import took 0.072457 seconds .

========================================================================
Received Import Request.
  Time since last request: 0.000374 seconds.
  path: Assets/RPG_FPS_game_assets_industrial/Barrels/Barrel_v1/Barrel_v1_LD1.prefab
  artifactKey: Guid(a22c0c7e17126fa4f89534dc98bcac8f) Importer(815301076,1909f56bfc062723c751e8b465ee728b)
Start importing Assets/RPG_FPS_game_assets_industrial/Barrels/Barrel_v1/Barrel_v1_LD1.prefab using Guid(a22c0c7e17126fa4f89534dc98bcac8f) Importer(815301076,1909f56bfc062723c751e8b465ee728b)  -> (artifact id: 'b3d4d7d2b26586b111c11f3dee2293bc') in 0.074142 seconds
  Import took 0.081796 seconds .

========================================================================
Received Import Request.
  Time since last request: 13.861269 seconds.
  path: Assets/assets/Sounds/Guns/Fire/Assault Rifle Fire.mp3
  artifactKey: Guid(e0ab50aa5db40dc47a22404495c76a7b) Importer(815301076,1909f56bfc062723c751e8b465ee728b)
Start importing Assets/assets/Sounds/Guns/Fire/Assault Rifle Fire.mp3 using Guid(e0ab50aa5db40dc47a22404495c76a7b) Importer(815301076,1909f56bfc062723c751e8b465ee728b)  -> (artifact id: 'e9eb9ea74610e0ea4bb1f54c2c224049') in 0.704139 seconds
  Import took 0.744052 seconds .

========================================================================
Received Import Request.
  Time since last request: 0.000764 seconds.
  path: Assets/assets/Models/First Person/All Animations/Assault Rifle.fbx
  artifactKey: Guid(48d42201fa1ddd74b8df820204882ede) Importer(815301076,1909f56bfc062723c751e8b465ee728b)
Start importing Assets/assets/Models/First Person/All Animations/Assault Rifle.fbx using Guid(48d42201fa1ddd74b8df820204882ede) Importer(815301076,1909f56bfc062723c751e8b465ee728b)  -> (artifact id: 'c42bcd50104647dbb030e3cd6da87bc1') in 0.811850 seconds
  Import took 0.845394 seconds .

========================================================================
Received Import Request.
  Time since last request: 0.001352 seconds.
  path: Assets/Standard Assets/ParticleSystems/Textures/ParticleFireballSheet.png
  artifactKey: Guid(87be4190eae46cf459ae6177b8698f03) Importer(815301076,1909f56bfc062723c751e8b465ee728b)
Start importing Assets/Standard Assets/ParticleSystems/Textures/ParticleFireballSheet.png using Guid(87be4190eae46cf459ae6177b8698f03) Importer(815301076,1909f56bfc062723c751e8b465ee728b)  -> (artifact id: '3acc3630a2894e84a99ea829c33329ac') in 0.172937 seconds
  Import took 0.238537 seconds .

========================================================================
Received Import Request.
  Time since last request: 0.000307 seconds.
  path: Assets/assets/Sounds/Guns/Fire/Revolver Fire.wav
  artifactKey: Guid(d8671e3ac1c052f4882a5b880273286e) Importer(815301076,1909f56bfc062723c751e8b465ee728b)
Start importing Assets/assets/Sounds/Guns/Fire/Revolver Fire.wav using Guid(d8671e3ac1c052f4882a5b880273286e) Importer(815301076,1909f56bfc062723c751e8b465ee728b)  -> (artifact id: '81a3ecd9b835f7d9b5a3139b28aa756e') in 0.125919 seconds
  Import took 0.137342 seconds .

========================================================================
Received Import Request.
  Time since last request: 0.000963 seconds.
  path: Assets/assets/Sounds/Guns/Fire/Sawed Off Fire 03.mp3
  artifactKey: Guid(b78c6f77bdd7ed94cb7017fdfa41efd5) Importer(815301076,1909f56bfc062723c751e8b465ee728b)
Start importing Assets/assets/Sounds/Guns/Fire/Sawed Off Fire 03.mp3 using Guid(b78c6f77bdd7ed94cb7017fdfa41efd5) Importer(815301076,1909f56bfc062723c751e8b465ee728b)  -> (artifact id: 'd583d1db88178b0eca04565d8be02c31') in 0.284432 seconds
  Import took 0.301565 seconds .

========================================================================
Received Import Request.
  Time since last request: 0.000529 seconds.
  path: Assets/Standard Assets/ParticleSystems/Textures/ParticleFirecloud.png
  artifactKey: Guid(c3d66a8056f9db345b1ea380aa7e815d) Importer(815301076,1909f56bfc062723c751e8b465ee728b)
Start importing Assets/Standard Assets/ParticleSystems/Textures/ParticleFirecloud.png using Guid(c3d66a8056f9db345b1ea380aa7e815d) Importer(815301076,1909f56bfc062723c751e8b465ee728b)  -> (artifact id: '8ca4f928a5813ef9b721ed4f66eaee31') in 0.165023 seconds
  Import took 0.174920 seconds .

========================================================================
Received Import Request.
  Time since last request: 0.000335 seconds.
  path: Assets/assets/Materials/Weapons/World/Fire Torch_World.mat
  artifactKey: Guid(1b54141183a43264db7960bfa4cf97f5) Importer(815301076,1909f56bfc062723c751e8b465ee728b)
Start importing Assets/assets/Materials/Weapons/World/Fire Torch_World.mat using Guid(1b54141183a43264db7960bfa4cf97f5) Importer(815301076,1909f56bfc062723c751e8b465ee728b)  -> (artifact id: '40b6ebf186cf4df164063596056102eb') in 0.211742 seconds
  Import took 0.218418 seconds .

========================================================================
Received Import Request.
  Time since last request: 0.000320 seconds.
  path: Assets/assets/Models/First Person/All Animations/Torch.fbx
  artifactKey: Guid(1a9ba953eb970c54a971f71c8740eafd) Importer(815301076,1909f56bfc062723c751e8b465ee728b)
Start importing Assets/assets/Models/First Person/All Animations/Torch.fbx using Guid(1a9ba953eb970c54a971f71c8740eafd) Importer(815301076,1909f56bfc062723c751e8b465ee728b)  -> (artifact id: '45997c70cc679c131c328c7024da3e42') in 0.181313 seconds
  Import took 0.188529 seconds .

========================================================================
Received Import Request.
  Time since last request: 0.000294 seconds.
  path: Assets/Standard Assets/ParticleSystems/Prefabs/FireComplex.prefab
  artifactKey: Guid(bf495eacf58e31146ab012aa89ac68da) Importer(815301076,1909f56bfc062723c751e8b465ee728b)
Start importing Assets/Standard Assets/ParticleSystems/Prefabs/FireComplex.prefab using Guid(bf495eacf58e31146ab012aa89ac68da) Importer(815301076,1909f56bfc062723c751e8b465ee728b)  -> (artifact id: '95918618b23e80762f5f4093c3bd7e99') in 0.476894 seconds
  Import took 0.484366 seconds .

========================================================================
Received Import Request.
  Time since last request: 0.000349 seconds.
  path: Assets/Standard Assets/ParticleSystems/Materials/ParticleFirecloud.mat
  artifactKey: Guid(77d08210df254d845885518314593544) Importer(815301076,1909f56bfc062723c751e8b465ee728b)
Start importing Assets/Standard Assets/ParticleSystems/Materials/ParticleFirecloud.mat using Guid(77d08210df254d845885518314593544) Importer(815301076,1909f56bfc062723c751e8b465ee728b)  -> (artifact id: 'b8fad6377ca0f2a3abc3da83230e8601') in 0.048552 seconds
  Import took 0.056432 seconds .

========================================================================
Received Import Request.
  Time since last request: 0.000300 seconds.
  path: Assets/assets/Sounds/Guns/Fire/Rifle Fire.mp3
  artifactKey: Guid(767aed8de78f77a4996cbf5d37eb3881) Importer(815301076,1909f56bfc062723c751e8b465ee728b)
Start importing Assets/assets/Sounds/Guns/Fire/Rifle Fire.mp3 using Guid(767aed8de78f77a4996cbf5d37eb3881) Importer(815301076,1909f56bfc062723c751e8b465ee728b)  -> (artifact id: 'abb8bef62075af48238a288b466d2107') in 0.059092 seconds
  Import took 0.066373 seconds .

========================================================================
Received Import Request.
  Time since last request: 0.000298 seconds.
  path: Assets/assets/Models/First Person/All Animations/Shotgun.fbx
  artifactKey: Guid(1b1e15712c094a1409abf2c70f7e2703) Importer(815301076,1909f56bfc062723c751e8b465ee728b)
Start importing Assets/assets/Models/First Person/All Animations/Shotgun.fbx using Guid(1b1e15712c094a1409abf2c70f7e2703) Importer(815301076,1909f56bfc062723c751e8b465ee728b)  -> (artifact id: 'be3475005c7c100142701fd984b663d2') in 0.152284 seconds
  Import took 0.159272 seconds .

========================================================================
Received Import Request.
  Time since last request: 0.000304 seconds.
  path: Assets/Standard Assets/ParticleSystems/Materials/ParticleFirework.mat
  artifactKey: Guid(9f3080141f1f64197825663e067f94f8) Importer(815301076,1909f56bfc062723c751e8b465ee728b)
Start importing Assets/Standard Assets/ParticleSystems/Materials/ParticleFirework.mat using Guid(9f3080141f1f64197825663e067f94f8) Importer(815301076,1909f56bfc062723c751e8b465ee728b)  -> (artifact id: 'c560f16144c405481accd8a4e599eda6') in 0.087064 seconds
  Import took 0.093511 seconds .

========================================================================
Received Import Request.
  Time since last request: 0.000310 seconds.
  path: Assets/Standard Assets/ParticleSystems/Prefabs/WildFire.prefab
  artifactKey: Guid(2c32987c2bc01844a94adfb917dd677d) Importer(815301076,1909f56bfc062723c751e8b465ee728b)
Start importing Assets/Standard Assets/ParticleSystems/Prefabs/WildFire.prefab using Guid(2c32987c2bc01844a94adfb917dd677d) Importer(815301076,1909f56bfc062723c751e8b465ee728b)  -> (artifact id: '541d8377d9648ba2b61eae7f60741214') in 0.081372 seconds
  Import took 0.090246 seconds .

========================================================================
Received Import Request.
  Time since last request: 0.000277 seconds.
  path: Assets/assets/Sounds/Guns/Fire/Sawed Off Fire 01.mp3
  artifactKey: Guid(4745c3838ba42954c801ba21a88fa977) Importer(815301076,1909f56bfc062723c751e8b465ee728b)
Start importing Assets/assets/Sounds/Guns/Fire/Sawed Off Fire 01.mp3 using Guid(4745c3838ba42954c801ba21a88fa977) Importer(815301076,1909f56bfc062723c751e8b465ee728b)  -> (artifact id: '392f382b1f7f38148a751882a4d117ef') in 0.047321 seconds
  Import took 0.054899 seconds .

========================================================================
Received Import Request.
  Time since last request: 0.000317 seconds.
  path: Assets/assets/Models/First Person/All Animations/Revolver.fbx
  artifactKey: Guid(2bd6bf150a6e08645964bd2baf2a789b) Importer(815301076,1909f56bfc062723c751e8b465ee728b)
Start importing Assets/assets/Models/First Person/All Animations/Revolver.fbx using Guid(2bd6bf150a6e08645964bd2baf2a789b) Importer(815301076,1909f56bfc062723c751e8b465ee728b)  -> (artifact id: 'a69974633f3c19b5ae7b3ae1f311bd90') in 0.128890 seconds
  Import took 0.137047 seconds .

========================================================================
Received Import Request.
  Time since last request: 0.000317 seconds.
  path: Assets/assets/Models/First Person/All Animations/Hunting Rifle.fbx
  artifactKey: Guid(4e4397155881b1b43b85d583117147cb) Importer(815301076,1909f56bfc062723c751e8b465ee728b)
Start importing Assets/assets/Models/First Person/All Animations/Hunting Rifle.fbx using Guid(4e4397155881b1b43b85d583117147cb) Importer(815301076,1909f56bfc062723c751e8b465ee728b)  -> (artifact id: 'e84f8e397a5d303339b468e7014404bd') in 0.135003 seconds
  Import took 0.142170 seconds .

========================================================================
Received Import Request.
  Time since last request: 0.000320 seconds.
  path: Assets/20th Century Weapons Collection/Weapons/M1A1/Meshes/M1A1_thompson.fbx
  artifactKey: Guid(158c2702e56f33b4e96976fd7b6b3ce7) Importer(815301076,1909f56bfc062723c751e8b465ee728b)
Start importing Assets/20th Century Weapons Collection/Weapons/M1A1/Meshes/M1A1_thompson.fbx using Guid(158c2702e56f33b4e96976fd7b6b3ce7) Importer(815301076,1909f56bfc062723c751e8b465ee728b)  -> (artifact id: '46ce0a3cd32e800c080cfd5186c497e0') in 2.100897 seconds
  Import took 2.168040 seconds .

========================================================================
Received Import Request.
  Time since last request: 0.002706 seconds.
  path: Assets/Standard Assets/ParticleSystems/Materials/ParticleFireball.mat
  artifactKey: Guid(26ea534dcd83fe14c9173a52e151cce8) Importer(815301076,1909f56bfc062723c751e8b465ee728b)
Start importing Assets/Standard Assets/ParticleSystems/Materials/ParticleFireball.mat using Guid(26ea534dcd83fe14c9173a52e151cce8) Importer(815301076,1909f56bfc062723c751e8b465ee728b)  -> (artifact id: 'b0508e6c92d172092fe45c020376a6f0') in 0.098028 seconds
  Import took 0.133067 seconds .

========================================================================
Received Import Request.
  Time since last request: 0.000615 seconds.
  path: Assets/20th Century Weapons Collection/Weapons/M1A1/Meshes/M1A1_thompson_LOD1.fbx
  artifactKey: Guid(18b5a886c29724241b3eecbd98cdaeac) Importer(815301076,1909f56bfc062723c751e8b465ee728b)
Start importing Assets/20th Century Weapons Collection/Weapons/M1A1/Meshes/M1A1_thompson_LOD1.fbx using Guid(18b5a886c29724241b3eecbd98cdaeac) Importer(815301076,1909f56bfc062723c751e8b465ee728b)  -> (artifact id: '7def75b028bacbba60cebf6204ba87c2') in 1.050184 seconds
  Import took 1.124758 seconds .

========================================================================
Received Import Request.
  Time since last request: 0.005117 seconds.
  path: Assets/20th Century Weapons Collection/Weapons/M1A1/Meshes/M1A1_thompson_LOD2.fbx
  artifactKey: Guid(a94a10fac2e94da4c87089e978e76fa3) Importer(815301076,1909f56bfc062723c751e8b465ee728b)
Start importing Assets/20th Century Weapons Collection/Weapons/M1A1/Meshes/M1A1_thompson_LOD2.fbx using Guid(a94a10fac2e94da4c87089e978e76fa3) Importer(815301076,1909f56bfc062723c751e8b465ee728b)  -> (artifact id: '35b19f20acc1ca591d81b4637c60acab') in 3.066332 seconds
  Import took 3.196322 seconds .

========================================================================
Received Import Request.
  Time since last request: 0.006796 seconds.
  path: Assets/Standard Assets/ParticleSystems/Prefabs/Fireworks.prefab
  artifactKey: Guid(180149b1a35449044a27b451e816d2de) Importer(815301076,1909f56bfc062723c751e8b465ee728b)
Start importing Assets/Standard Assets/ParticleSystems/Prefabs/Fireworks.prefab using Guid(180149b1a35449044a27b451e816d2de) Importer(815301076,1909f56bfc062723c751e8b465ee728b)  -> (artifact id: '7c609e3c7672a7ea33dad9e66b9aa837') in 0.136053 seconds
  Import took 0.198532 seconds .

========================================================================
Received Import Request.
  Time since last request: 0.000420 seconds.
  path: Assets/assets/Textures/Weapons/World/Fire Torch_Pickup.png
  artifactKey: Guid(ed82adc6aaf4b2942b698f81508b03f4) Importer(815301076,1909f56bfc062723c751e8b465ee728b)
Start importing Assets/assets/Textures/Weapons/World/Fire Torch_Pickup.png using Guid(ed82adc6aaf4b2942b698f81508b03f4) Importer(815301076,1909f56bfc062723c751e8b465ee728b)  -> (artifact id: 'beb91e189a521415d41cda11bcec3439') in 0.078563 seconds
  Import took 0.090653 seconds .

========================================================================
Received Import Request.
  Time since last request: 0.000310 seconds.
  path: Assets/Standard Assets/ParticleSystems/Prefabs/FireMobile.prefab
  artifactKey: Guid(b99a0a5998b2736429fd2a2fd1d01c5e) Importer(815301076,1909f56bfc062723c751e8b465ee728b)
Start importing Assets/Standard Assets/ParticleSystems/Prefabs/FireMobile.prefab using Guid(b99a0a5998b2736429fd2a2fd1d01c5e) Importer(815301076,1909f56bfc062723c751e8b465ee728b)  -> (artifact id: 'c9c35b2c1d2ab2e34bcde441ea44d72b') in 0.113032 seconds
  Import took 0.120513 seconds .

========================================================================
Received Import Request.
  Time since last request: 0.000315 seconds.
  path: Assets/assets/Sounds/Guns/Fire/Shotgun Fire 01.wav
  artifactKey: Guid(92f3926ab088d854e9635995036af132) Importer(815301076,1909f56bfc062723c751e8b465ee728b)
Start importing Assets/assets/Sounds/Guns/Fire/Shotgun Fire 01.wav using Guid(92f3926ab088d854e9635995036af132) Importer(815301076,1909f56bfc062723c751e8b465ee728b)  -> (artifact id: '661773363fda8d16f383302b41ff7094') in 0.085311 seconds
  Import took 0.093590 seconds .

========================================================================
Received Import Request.
  Time since last request: 0.000298 seconds.
  path: Assets/assets/Sounds/Guns/Fire/Sawed Off Fire 02.wav
  artifactKey: Guid(2af08b8601162814fa82926b1d604fbb) Importer(815301076,1909f56bfc062723c751e8b465ee728b)
Start importing Assets/assets/Sounds/Guns/Fire/Sawed Off Fire 02.wav using Guid(2af08b8601162814fa82926b1d604fbb) Importer(815301076,1909f56bfc062723c751e8b465ee728b)  -> (artifact id: 'a1209a49d1dac6edf65b01e603278ac2') in 0.105407 seconds
  Import took 0.112932 seconds .

========================================================================
Received Import Request.
  Time since last request: 10.675860 seconds.
  path: Assets/assets/Sounds/Guns/Fire
  artifactKey: Guid(d9b16df28e055664db88f262af739f19) Importer(815301076,1909f56bfc062723c751e8b465ee728b)
Start importing Assets/assets/Sounds/Guns/Fire using Guid(d9b16df28e055664db88f262af739f19) Importer(815301076,1909f56bfc062723c751e8b465ee728b)  -> (artifact id: '64488fd9873f03c7c302dbc4b29d4bac') in 0.038379 seconds
  Import took 0.047584 seconds .

========================================================================
Received Import Request.
  Time since last request: 0.027449 seconds.
  path: Assets/assets/Sounds/Guns/Fire/Shotgun Pump 01.wav
  artifactKey: Guid(3f1ecaeaf37f1a74fb18bd1551052a1b) Importer(815301076,1909f56bfc062723c751e8b465ee728b)
Start importing Assets/assets/Sounds/Guns/Fire/Shotgun Pump 01.wav using Guid(3f1ecaeaf37f1a74fb18bd1551052a1b) Importer(815301076,1909f56bfc062723c751e8b465ee728b)  -> (artifact id: '95280a8ffb852dcda91f6e51767ae70e') in 0.075605 seconds
  Import took 0.091753 seconds .

========================================================================
Received Import Request.
  Time since last request: 0.000333 seconds.
  path: Assets/assets/Sounds/Guns/Fire/Shotgun Pump 02.wav
  artifactKey: Guid(1613cc0e7699f7d4b80400e6d112878e) Importer(815301076,1909f56bfc062723c751e8b465ee728b)
Start importing Assets/assets/Sounds/Guns/Fire/Shotgun Pump 02.wav using Guid(1613cc0e7699f7d4b80400e6d112878e) Importer(815301076,1909f56bfc062723c751e8b465ee728b)  -> (artifact id: '78dde4c5f75ed23ce5bba4fb3065fdf8') in 0.086343 seconds
  Import took 0.093745 seconds .

========================================================================
Received Import Request.
  Time since last request: 20.544837 seconds.
  path: Assets/assets/Materials/Weapons/First Person/Wooden Bow.mat
  artifactKey: Guid(268fb23e097dcdf41864edde6d409239) Importer(815301076,1909f56bfc062723c751e8b465ee728b)
Start importing Assets/assets/Materials/Weapons/First Person/Wooden Bow.mat using Guid(268fb23e097dcdf41864edde6d409239) Importer(815301076,1909f56bfc062723c751e8b465ee728b)  -> (artifact id: 'd448e0dab6fc5edfbcc8ca87a208dae8') in 0.344444 seconds
  Import took 0.351356 seconds .

========================================================================
Received Import Request.
  Time since last request: 0.000309 seconds.
  path: Assets/assets/Materials/Weapons/World/Wooden Bow_World.mat
  artifactKey: Guid(5d5b9b8cb08643a46869392ae4e057b0) Importer(815301076,1909f56bfc062723c751e8b465ee728b)
Start importing Assets/assets/Materials/Weapons/World/Wooden Bow_World.mat using Guid(5d5b9b8cb08643a46869392ae4e057b0) Importer(815301076,1909f56bfc062723c751e8b465ee728b)  -> (artifact id: 'de4d767a722bfbfff9b81addd91e3bf4') in 0.081723 seconds
  Import took 0.087637 seconds .

========================================================================
Received Import Request.
  Time since last request: 0.000269 seconds.
  path: Assets/assets/Textures/Weapons/World/Wooden Bow_Pickup.png
  artifactKey: Guid(418829676829d3b479536eef5d1e0e43) Importer(815301076,1909f56bfc062723c751e8b465ee728b)
Start importing Assets/assets/Textures/Weapons/World/Wooden Bow_Pickup.png using Guid(418829676829d3b479536eef5d1e0e43) Importer(815301076,1909f56bfc062723c751e8b465ee728b)  -> (artifact id: '9b4ae696820adb63c862f2500af3e45a') in 0.041198 seconds
  Import took 0.048669 seconds .

========================================================================
Received Import Request.
  Time since last request: 0.000370 seconds.
  path: Assets/assets/Textures/Weapons/First Person/Wooden Bow_SPEC.png
  artifactKey: Guid(6d0a662d7459a5743970bc1a1e5e2a58) Importer(815301076,1909f56bfc062723c751e8b465ee728b)
Start importing Assets/assets/Textures/Weapons/First Person/Wooden Bow_SPEC.png using Guid(6d0a662d7459a5743970bc1a1e5e2a58) Importer(815301076,1909f56bfc062723c751e8b465ee728b)  -> (artifact id: '75038651d0868440d7f72417688eb9d8') in 0.036987 seconds
  Import took 0.047533 seconds .

========================================================================
Received Import Request.
  Time since last request: 0.000638 seconds.
  path: Assets/assets/Textures/Weapons/First Person/Wooden Bow.png
  artifactKey: Guid(8353ca24992dee441b34c6607c05dc16) Importer(815301076,1909f56bfc062723c751e8b465ee728b)
Start importing Assets/assets/Textures/Weapons/First Person/Wooden Bow.png using Guid(8353ca24992dee441b34c6607c05dc16) Importer(815301076,1909f56bfc062723c751e8b465ee728b)  -> (artifact id: '8df041620a91d7ee7be088fc31ae6278') in 0.043242 seconds
  Import took 0.049916 seconds .

========================================================================
Received Import Request.
  Time since last request: 0.000304 seconds.
  path: Assets/assets/Models/First Person/All Animations/Wooden Bow.fbx
  artifactKey: Guid(9ba50ff5806385f4da160695a7223e1d) Importer(815301076,1909f56bfc062723c751e8b465ee728b)
Start importing Assets/assets/Models/First Person/All Animations/Wooden Bow.fbx using Guid(9ba50ff5806385f4da160695a7223e1d) Importer(815301076,1909f56bfc062723c751e8b465ee728b)  -> (artifact id: '45e89b4b2fee9ba160738fadf530511f') in 0.373344 seconds
  Import took 0.383319 seconds .

========================================================================
Received Import Request.
  Time since last request: 0.000299 seconds.
  path: Assets/assets/Textures/Weapons/First Person/Wooden Bow_NRM.png
  artifactKey: Guid(a4c4a95a7c6042a459491808e4c2559c) Importer(815301076,1909f56bfc062723c751e8b465ee728b)
Start importing Assets/assets/Textures/Weapons/First Person/Wooden Bow_NRM.png using Guid(a4c4a95a7c6042a459491808e4c2559c) Importer(815301076,1909f56bfc062723c751e8b465ee728b)  -> (artifact id: '2ce1a23d4a8ca37d47ac8fd92f5efe5d') in 0.192168 seconds
  Import took 0.198450 seconds .

========================================================================
Received Import Request.
  Time since last request: 6.607542 seconds.
  path: Assets/assets/Models/First Person/Wooden Bow Animations
  artifactKey: Guid(888b96e5392e343079d6335cf03b2e2a) Importer(815301076,1909f56bfc062723c751e8b465ee728b)
Start importing Assets/assets/Models/First Person/Wooden Bow Animations using Guid(888b96e5392e343079d6335cf03b2e2a) Importer(815301076,1909f56bfc062723c751e8b465ee728b)  -> (artifact id: 'f72036d4fbc4c0442d7739861eac9f26') in 0.021174 seconds
  Import took 0.028141 seconds .

========================================================================
Received Import Request.
  Time since last request: 13.360312 seconds.
  path: Assets/assets/Sounds
  artifactKey: Guid(ca3b1112648cd294d9b93281d6930cc2) Importer(815301076,1909f56bfc062723c751e8b465ee728b)
Start importing Assets/assets/Sounds using Guid(ca3b1112648cd294d9b93281d6930cc2) Importer(815301076,1909f56bfc062723c751e8b465ee728b)  -> (artifact id: 'b724ff231c0fd064071bad1641aaa513') in 0.017348 seconds
  Import took 0.025445 seconds .

========================================================================
Received Import Request.
  Time since last request: 1.163164 seconds.
  path: Assets/assets/Sounds/Wooshes
  artifactKey: Guid(6497452fcad46d349876084287b3f8b1) Importer(815301076,1909f56bfc062723c751e8b465ee728b)
Start importing Assets/assets/Sounds/Wooshes using Guid(6497452fcad46d349876084287b3f8b1) Importer(815301076,1909f56bfc062723c751e8b465ee728b)  -> (artifact id: 'b5d396734819bd4a4f846817573bd3d2') in 0.019863 seconds
  Import took 0.025660 seconds .

========================================================================
Received Import Request.
  Time since last request: 1.345746 seconds.
  path: Assets/assets/Sounds/Wooshes/Woosh 01.mp3
  artifactKey: Guid(fe8ca30304bfacf4288084606f5bc682) Importer(815301076,1909f56bfc062723c751e8b465ee728b)
Start importing Assets/assets/Sounds/Wooshes/Woosh 01.mp3 using Guid(fe8ca30304bfacf4288084606f5bc682) Importer(815301076,1909f56bfc062723c751e8b465ee728b)  -> (artifact id: '3923711a091b0e0d1d07852b6793a1e1') in 0.031719 seconds
  Import took 0.037781 seconds .

========================================================================
Received Import Request.
  Time since last request: 0.000319 seconds.
  path: Assets/assets/Sounds/Wooshes/Woosh 03.mp3
  artifactKey: Guid(db452edb573749e4aa03d0221cb6a3e0) Importer(815301076,1909f56bfc062723c751e8b465ee728b)
Start importing Assets/assets/Sounds/Wooshes/Woosh 03.mp3 using Guid(db452edb573749e4aa03d0221cb6a3e0) Importer(815301076,1909f56bfc062723c751e8b465ee728b)  -> (artifact id: '16d4527b9a9a332f42f97ce571b6ff1a') in 0.037658 seconds
  Import took 0.045184 seconds .

========================================================================
Received Import Request.
  Time since last request: 0.000382 seconds.
  path: Assets/assets/Sounds/Wooshes/Woosh 02.mp3
  artifactKey: Guid(7f664ea72eb9c1043b4377b5de8cb441) Importer(815301076,1909f56bfc062723c751e8b465ee728b)
Start importing Assets/assets/Sounds/Wooshes/Woosh 02.mp3 using Guid(7f664ea72eb9c1043b4377b5de8cb441) Importer(815301076,1909f56bfc062723c751e8b465ee728b)  -> (artifact id: '2f84645c49e3857d4d5d12fcf7da2d07') in 0.032063 seconds
  Import took 0.039437 seconds .

========================================================================
Received Prepare
Registering precompiled user dll's ...
Registered in 0.042103 seconds.
Begin MonoManager ReloadAssembly
Native extension for WindowsStandalone target not found
Native extension for WebGL target not found
Refreshing native plugins compatible for Editor in 3.65 ms, found 2 plugins.
Preloading 0 native plugins for Editor in 0.00 ms.
Mono: successfully reloaded assembly
- Completed reload, in  3.406 seconds
Platform modules already initialized, skipping
Refreshing native plugins compatible for Editor in 1.31 ms, found 2 plugins.
Preloading 0 native plugins for Editor in 0.00 ms.
Unloading 2149 Unused Serialized files (Serialized files now loaded: 0)
System memory in use before: 124.0 MB.
System memory in use after: 123.8 MB.

Unloading 53 unused Assets to reduce memory usage. Loaded Objects now: 2775.
Total: 21.067700 ms (FindLiveObjects: 0.780500 ms CreateObjectMapping: 0.099300 ms MarkObjects: 17.876100 ms  DeleteObjects: 2.309300 ms)

========================================================================
Received Prepare
Registering precompiled user dll's ...
Registered in 0.061855 seconds.
Begin MonoManager ReloadAssembly
Native extension for WindowsStandalone target not found
Native extension for WebGL target not found
Refreshing native plugins compatible for Editor in 12.69 ms, found 2 plugins.
Preloading 0 native plugins for Editor in 0.00 ms.
Mono: successfully reloaded assembly
- Completed reload, in  3.317 seconds
Platform modules already initialized, skipping
Refreshing native plugins compatible for Editor in 90.73 ms, found 2 plugins.
Preloading 0 native plugins for Editor in 0.00 ms.
Unloading 2149 Unused Serialized files (Serialized files now loaded: 0)
System memory in use before: 124.1 MB.
System memory in use after: 124.0 MB.

Unloading 51 unused Assets to reduce memory usage. Loaded Objects now: 2778.
Total: 94.716200 ms (FindLiveObjects: 13.004500 ms CreateObjectMapping: 4.500700 ms MarkObjects: 56.956800 ms  DeleteObjects: 19.529500 ms)

========================================================================
Received Prepare
Registering precompiled user dll's ...
Registered in 0.039981 seconds.
Begin MonoManager ReloadAssembly
Native extension for WindowsStandalone target not found
Native extension for WebGL target not found
Refreshing native plugins compatible for Editor in 1.36 ms, found 2 plugins.
Preloading 0 native plugins for Editor in 0.00 ms.
Mono: successfully reloaded assembly
- Completed reload, in  2.570 seconds
Platform modules already initialized, skipping
Refreshing native plugins compatible for Editor in 1.34 ms, found 2 plugins.
Preloading 0 native plugins for Editor in 0.00 ms.
Unloading 2149 Unused Serialized files (Serialized files now loaded: 0)
System memory in use before: 124.1 MB.
System memory in use after: 124.0 MB.

Unloading 51 unused Assets to reduce memory usage. Loaded Objects now: 2781.
Total: 10.115400 ms (FindLiveObjects: 0.361600 ms CreateObjectMapping: 0.101400 ms MarkObjects: 8.877600 ms  DeleteObjects: 0.772400 ms)

========================================================================
Received Prepare
Registering precompiled user dll's ...
Registered in 0.020549 seconds.
Begin MonoManager ReloadAssembly
Native extension for WindowsStandalone target not found
Native extension for WebGL target not found
Refreshing native plugins compatible for Editor in 1.47 ms, found 2 plugins.
Preloading 0 native plugins for Editor in 0.00 ms.
Mono: successfully reloaded assembly
- Completed reload, in  3.361 seconds
Platform modules already initialized, skipping
Refreshing native plugins compatible for Editor in 2.33 ms, found 2 plugins.
Preloading 0 native plugins for Editor in 0.00 ms.
Unloading 2149 Unused Serialized files (Serialized files now loaded: 0)
System memory in use before: 124.2 MB.
System memory in use after: 124.0 MB.

Unloading 51 unused Assets to reduce memory usage. Loaded Objects now: 2784.
Total: 20.794300 ms (FindLiveObjects: 0.456600 ms CreateObjectMapping: 0.511000 ms MarkObjects: 17.881600 ms  DeleteObjects: 1.940500 ms)

========================================================================
Received Prepare
Registering precompiled user dll's ...
Registered in 0.045804 seconds.
Begin MonoManager ReloadAssembly
Native extension for WindowsStandalone target not found
Native extension for WebGL target not found
Refreshing native plugins compatible for Editor in 53.80 ms, found 2 plugins.
Preloading 0 native plugins for Editor in 0.00 ms.
Mono: successfully reloaded assembly
- Completed reload, in  9.345 seconds
Platform modules already initialized, skipping
Refreshing native plugins compatible for Editor in 7.00 ms, found 2 plugins.
Preloading 0 native plugins for Editor in 0.00 ms.
Unloading 2149 Unused Serialized files (Serialized files now loaded: 0)
System memory in use before: 124.1 MB.
System memory in use after: 124.0 MB.

Unloading 51 unused Assets to reduce memory usage. Loaded Objects now: 2787.
Total: 60.930300 ms (FindLiveObjects: 7.939500 ms CreateObjectMapping: 0.336100 ms MarkObjects: 50.111500 ms  DeleteObjects: 2.538000 ms)

========================================================================
Received Prepare
Registering precompiled user dll's ...
Registered in 0.064796 seconds.
Begin MonoManager ReloadAssembly
Native extension for WindowsStandalone target not found
Native extension for WebGL target not found
Refreshing native plugins compatible for Editor in 2.12 ms, found 2 plugins.
Preloading 0 native plugins for Editor in 0.00 ms.
Mono: successfully reloaded assembly
- Completed reload, in  5.773 seconds
Platform modules already initialized, skipping
Refreshing native plugins compatible for Editor in 2.10 ms, found 2 plugins.
Preloading 0 native plugins for Editor in 0.00 ms.
Unloading 2149 Unused Serialized files (Serialized files now loaded: 0)
System memory in use before: 124.1 MB.
System memory in use after: 123.9 MB.

Unloading 51 unused Assets to reduce memory usage. Loaded Objects now: 2790.
Total: 30.099900 ms (FindLiveObjects: 1.564900 ms CreateObjectMapping: 0.274100 ms MarkObjects: 25.989300 ms  DeleteObjects: 2.267300 ms)

========================================================================
Received Import Request.
  Time since last request: 7563.059786 seconds.
  path: Assets/assets/Scripts/SprintAndCrouch.cs
  artifactKey: Guid(5ac1741988bb9a147bcf6ceb353d7000) Importer(815301076,1909f56bfc062723c751e8b465ee728b)
Start importing Assets/assets/Scripts/SprintAndCrouch.cs using Guid(5ac1741988bb9a147bcf6ceb353d7000) Importer(815301076,1909f56bfc062723c751e8b465ee728b)  -> (artifact id: '29c33d3e1316ef73ad1aab6331b8688e') in 0.083217 seconds
  Import took 0.102472 seconds .

========================================================================
Received Import Request.
  Time since last request: 0.056756 seconds.
  path: Assets/assets/Scripts/SprintAndCrouch.cs
  artifactKey: Guid(5ac1741988bb9a147bcf6ceb353d7000) Importer(815301076,1909f56bfc062723c751e8b465ee728b)
Start importing Assets/assets/Scripts/SprintAndCrouch.cs using Guid(5ac1741988bb9a147bcf6ceb353d7000) Importer(815301076,1909f56bfc062723c751e8b465ee728b)  -> (artifact id: '29c33d3e1316ef73ad1aab6331b8688e') in 0.018366 seconds
  Import took 0.040573 seconds .

========================================================================
Received Prepare
Registering precompiled user dll's ...
Registered in 0.032284 seconds.
Begin MonoManager ReloadAssembly
Native extension for WindowsStandalone target not found
Native extension for WebGL target not found
Refreshing native plugins compatible for Editor in 7.92 ms, found 2 plugins.
Preloading 0 native plugins for Editor in 0.00 ms.
Mono: successfully reloaded assembly
- Completed reload, in  7.268 seconds
Platform modules already initialized, skipping
Refreshing native plugins compatible for Editor in 1.82 ms, found 2 plugins.
Preloading 0 native plugins for Editor in 0.00 ms.
Unloading 2149 Unused Serialized files (Serialized files now loaded: 0)
System memory in use before: 124.2 MB.
System memory in use after: 124.0 MB.

Unloading 51 unused Assets to reduce memory usage. Loaded Objects now: 2793.
Total: 16.273600 ms (FindLiveObjects: 3.350100 ms CreateObjectMapping: 0.133700 ms MarkObjects: 11.669700 ms  DeleteObjects: 1.116300 ms)

========================================================================
Received Import Request.
  Time since last request: 289.678443 seconds.
  path: Assets/assets/Scripts/SprintAndCrouch.cs
  artifactKey: Guid(5ac1741988bb9a147bcf6ceb353d7000) Importer(815301076,1909f56bfc062723c751e8b465ee728b)
Start importing Assets/assets/Scripts/SprintAndCrouch.cs using Guid(5ac1741988bb9a147bcf6ceb353d7000) Importer(815301076,1909f56bfc062723c751e8b465ee728b)  -> (artifact id: 'f3f563a2c7d042d2ba81fea7be3e6af9') in 0.041378 seconds
  Import took 0.059980 seconds .

========================================================================
Received Import Request.
  Time since last request: 0.328973 seconds.
  path: Assets/assets/Scripts/SprintAndCrouch.cs
  artifactKey: Guid(5ac1741988bb9a147bcf6ceb353d7000) Importer(815301076,1909f56bfc062723c751e8b465ee728b)
Start importing Assets/assets/Scripts/SprintAndCrouch.cs using Guid(5ac1741988bb9a147bcf6ceb353d7000) Importer(815301076,1909f56bfc062723c751e8b465ee728b)  -> (artifact id: 'f3f563a2c7d042d2ba81fea7be3e6af9') in 0.010793 seconds
  Import took 0.021157 seconds .

========================================================================
Received Prepare
Registering precompiled user dll's ...
Registered in 0.153551 seconds.
Begin MonoManager ReloadAssembly
Native extension for WindowsStandalone target not found
Native extension for WebGL target not found
Refreshing native plugins compatible for Editor in 3.28 ms, found 2 plugins.
Preloading 0 native plugins for Editor in 0.00 ms.
Mono: successfully reloaded assembly
- Completed reload, in  5.624 seconds
Platform modules already initialized, skipping
Refreshing native plugins compatible for Editor in 2.94 ms, found 2 plugins.
Preloading 0 native plugins for Editor in 0.00 ms.
Unloading 2149 Unused Serialized files (Serialized files now loaded: 0)
System memory in use before: 124.2 MB.
System memory in use after: 124.0 MB.

Unloading 51 unused Assets to reduce memory usage. Loaded Objects now: 2796.
Total: 30.734300 ms (FindLiveObjects: 1.508800 ms CreateObjectMapping: 0.265000 ms MarkObjects: 26.971500 ms  DeleteObjects: 1.984200 ms)

========================================================================
Received Import Request.
  Time since last request: 259.128281 seconds.
  path: Assets/assets/Scripts/SprintAndCrouch.cs
  artifactKey: Guid(5ac1741988bb9a147bcf6ceb353d7000) Importer(815301076,1909f56bfc062723c751e8b465ee728b)
Start importing Assets/assets/Scripts/SprintAndCrouch.cs using Guid(5ac1741988bb9a147bcf6ceb353d7000) Importer(815301076,1909f56bfc062723c751e8b465ee728b)  -> (artifact id: '0e62377ec4e6ef3a47c7bbe051e77913') in 0.039269 seconds
  Import took 0.052140 seconds .

========================================================================
Received Prepare
Registering precompiled user dll's ...
Registered in 0.046491 seconds.
Begin MonoManager ReloadAssembly
Native extension for WindowsStandalone target not found
Native extension for WebGL target not found
Refreshing native plugins compatible for Editor in 2.52 ms, found 2 plugins.
Preloading 0 native plugins for Editor in 0.00 ms.
Mono: successfully reloaded assembly
- Completed reload, in  5.175 seconds
Platform modules already initialized, skipping
Refreshing native plugins compatible for Editor in 4.77 ms, found 2 plugins.
Preloading 0 native plugins for Editor in 0.00 ms.
Unloading 2149 Unused Serialized files (Serialized files now loaded: 0)
System memory in use before: 124.2 MB.
System memory in use after: 124.0 MB.

Unloading 51 unused Assets to reduce memory usage. Loaded Objects now: 2799.
Total: 45.437200 ms (FindLiveObjects: 2.542500 ms CreateObjectMapping: 0.742300 ms MarkObjects: 39.673100 ms  DeleteObjects: 1.990400 ms)

========================================================================
Received Prepare
Registering precompiled user dll's ...
Registered in 0.087817 seconds.
Begin MonoManager ReloadAssembly
Native extension for WindowsStandalone target not found
Native extension for WebGL target not found
Refreshing native plugins compatible for Editor in 19.02 ms, found 2 plugins.
Preloading 0 native plugins for Editor in 0.00 ms.
Mono: successfully reloaded assembly
- Completed reload, in  4.576 seconds
Platform modules already initialized, skipping
Refreshing native plugins compatible for Editor in 2.57 ms, found 2 plugins.
Preloading 0 native plugins for Editor in 0.00 ms.
Unloading 2149 Unused Serialized files (Serialized files now loaded: 0)
System memory in use before: 124.2 MB.
System memory in use after: 124.0 MB.

Unloading 51 unused Assets to reduce memory usage. Loaded Objects now: 2802.
Total: 30.199200 ms (FindLiveObjects: 4.530800 ms CreateObjectMapping: 2.545100 ms MarkObjects: 21.681200 ms  DeleteObjects: 1.438900 ms)

========================================================================
Received Import Request.
  Time since last request: 568.121925 seconds.
  path: Assets/assets/Scripts/SprintAndCrouch.cs
  artifactKey: Guid(5ac1741988bb9a147bcf6ceb353d7000) Importer(815301076,1909f56bfc062723c751e8b465ee728b)
Start importing Assets/assets/Scripts/SprintAndCrouch.cs using Guid(5ac1741988bb9a147bcf6ceb353d7000) Importer(815301076,1909f56bfc062723c751e8b465ee728b)  -> (artifact id: '061b41d0c35f157d419079c60b5a5422') in 0.044382 seconds
  Import took 0.073099 seconds .

========================================================================
Received Import Request.
  Time since last request: 9.191599 seconds.
  path: Assets/assets/Scripts/SprintAndCrouch.cs
  artifactKey: Guid(5ac1741988bb9a147bcf6ceb353d7000) Importer(815301076,1909f56bfc062723c751e8b465ee728b)
Start importing Assets/assets/Scripts/SprintAndCrouch.cs using Guid(5ac1741988bb9a147bcf6ceb353d7000) Importer(815301076,1909f56bfc062723c751e8b465ee728b)  -> (artifact id: '061b41d0c35f157d419079c60b5a5422') in 0.015199 seconds
  Import took 0.034844 seconds .

========================================================================
Received Prepare
Registering precompiled user dll's ...
Registered in 0.045874 seconds.
Begin MonoManager ReloadAssembly
Native extension for WindowsStandalone target not found
Native extension for WebGL target not found
Refreshing native plugins compatible for Editor in 6.07 ms, found 2 plugins.
Preloading 0 native plugins for Editor in 0.00 ms.
Mono: successfully reloaded assembly
- Completed reload, in 10.585 seconds
Platform modules already initialized, skipping
Refreshing native plugins compatible for Editor in 5.96 ms, found 2 plugins.
Preloading 0 native plugins for Editor in 0.00 ms.
Unloading 2149 Unused Serialized files (Serialized files now loaded: 0)
System memory in use before: 124.1 MB.
System memory in use after: 123.9 MB.

Unloading 51 unused Assets to reduce memory usage. Loaded Objects now: 2805.
Total: 51.321000 ms (FindLiveObjects: 8.714100 ms CreateObjectMapping: 0.456700 ms MarkObjects: 39.737600 ms  DeleteObjects: 2.402100 ms)

========================================================================
Received Import Request.
  Time since last request: 147.010984 seconds.
  path: Assets/assets/Scripts/SprintAndCrouch.cs
  artifactKey: Guid(5ac1741988bb9a147bcf6ceb353d7000) Importer(815301076,1909f56bfc062723c751e8b465ee728b)
Start importing Assets/assets/Scripts/SprintAndCrouch.cs using Guid(5ac1741988bb9a147bcf6ceb353d7000) Importer(815301076,1909f56bfc062723c751e8b465ee728b)  -> (artifact id: 'd4ec973c86f93a000b0544be1aa42375') in 0.068696 seconds
  Import took 0.105378 seconds .

========================================================================
Received Prepare
Registering precompiled user dll's ...
Registered in 0.048890 seconds.
Begin MonoManager ReloadAssembly
Native extension for WindowsStandalone target not found
Native extension for WebGL target not found
Refreshing native plugins compatible for Editor in 3.81 ms, found 2 plugins.
Preloading 0 native plugins for Editor in 0.00 ms.
Mono: successfully reloaded assembly
- Completed reload, in  5.090 seconds
Platform modules already initialized, skipping
Refreshing native plugins compatible for Editor in 31.79 ms, found 2 plugins.
Preloading 0 native plugins for Editor in 0.00 ms.
Unloading 2149 Unused Serialized files (Serialized files now loaded: 0)
System memory in use before: 124.2 MB.
System memory in use after: 124.0 MB.

Unloading 51 unused Assets to reduce memory usage. Loaded Objects now: 2808.
Total: 150.281000 ms (FindLiveObjects: 11.300100 ms CreateObjectMapping: 2.435500 ms MarkObjects: 85.720800 ms  DeleteObjects: 49.807800 ms)

========================================================================
Received Import Request.
  Time since last request: 129.917296 seconds.
  path: Assets/assets/Scripts/SprintAndCrouch.cs
  artifactKey: Guid(5ac1741988bb9a147bcf6ceb353d7000) Importer(815301076,1909f56bfc062723c751e8b465ee728b)
Start importing Assets/assets/Scripts/SprintAndCrouch.cs using Guid(5ac1741988bb9a147bcf6ceb353d7000) Importer(815301076,1909f56bfc062723c751e8b465ee728b)  -> (artifact id: '3c637db15d5c81757ce793760dd28c25') in 0.064470 seconds
  Import took 0.179698 seconds .

